ARM GAS  C:\Users\g\AppData\Local\Temp\ccVMdlla.s 			page 1


   1              		.cpu cortex-m0
   2              		.fpu softvfp
   3              		.eabi_attribute 20, 1
   4              		.eabi_attribute 21, 1
   5              		.eabi_attribute 23, 3
   6              		.eabi_attribute 24, 1
   7              		.eabi_attribute 25, 1
   8              		.eabi_attribute 26, 1
   9              		.eabi_attribute 30, 1
  10              		.eabi_attribute 34, 0
  11              		.eabi_attribute 18, 4
  12              		.code	16
  13              		.file	"QDEC_INT.c"
  14              		.text
  15              	.Ltext0:
  16              		.cfi_sections	.debug_frame
  17              		.section	.text.QDEC_ISR,"ax",%progbits
  18              		.align	2
  19              		.global	QDEC_ISR
  20              		.code	16
  21              		.thumb_func
  22              		.type	QDEC_ISR, %function
  23              	QDEC_ISR:
  24              	.LFB0:
  25              		.file 1 ".\\Generated_Source\\PSoC4\\QDEC_INT.c"
   1:.\Generated_Source\PSoC4/QDEC_INT.c **** /*******************************************************************************
   2:.\Generated_Source\PSoC4/QDEC_INT.c **** * File Name: QDEC_INT.c
   3:.\Generated_Source\PSoC4/QDEC_INT.c **** * Version 3.0
   4:.\Generated_Source\PSoC4/QDEC_INT.c **** *
   5:.\Generated_Source\PSoC4/QDEC_INT.c **** * Description:
   6:.\Generated_Source\PSoC4/QDEC_INT.c **** *  This file contains the Interrupt Service Routine (ISR) for the Quadrature
   7:.\Generated_Source\PSoC4/QDEC_INT.c **** *  Decoder component.
   8:.\Generated_Source\PSoC4/QDEC_INT.c **** *
   9:.\Generated_Source\PSoC4/QDEC_INT.c **** * Note:
  10:.\Generated_Source\PSoC4/QDEC_INT.c **** *  None.
  11:.\Generated_Source\PSoC4/QDEC_INT.c **** *
  12:.\Generated_Source\PSoC4/QDEC_INT.c **** ********************************************************************************
  13:.\Generated_Source\PSoC4/QDEC_INT.c **** * Copyright 2008-2014, Cypress Semiconductor Corporation.  All rights reserved.
  14:.\Generated_Source\PSoC4/QDEC_INT.c **** * You may use this file only in accordance with the license, terms, conditions, 
  15:.\Generated_Source\PSoC4/QDEC_INT.c **** * disclaimers, and limitations in the end user license agreement accompanying
  16:.\Generated_Source\PSoC4/QDEC_INT.c **** * the software package with which this file was provided.
  17:.\Generated_Source\PSoC4/QDEC_INT.c **** *******************************************************************************/
  18:.\Generated_Source\PSoC4/QDEC_INT.c **** 
  19:.\Generated_Source\PSoC4/QDEC_INT.c **** #include "QDEC.h"
  20:.\Generated_Source\PSoC4/QDEC_INT.c **** #include "QDEC_PVT.h"
  21:.\Generated_Source\PSoC4/QDEC_INT.c **** #include "cyapicallbacks.h"
  22:.\Generated_Source\PSoC4/QDEC_INT.c **** 
  23:.\Generated_Source\PSoC4/QDEC_INT.c **** volatile int32 QDEC_count32SoftPart = 0;
  24:.\Generated_Source\PSoC4/QDEC_INT.c **** 
  25:.\Generated_Source\PSoC4/QDEC_INT.c **** 
  26:.\Generated_Source\PSoC4/QDEC_INT.c **** /*******************************************************************************
  27:.\Generated_Source\PSoC4/QDEC_INT.c **** * FUNCTION NAME: void QDEC_ISR
  28:.\Generated_Source\PSoC4/QDEC_INT.c **** ********************************************************************************
  29:.\Generated_Source\PSoC4/QDEC_INT.c **** *
  30:.\Generated_Source\PSoC4/QDEC_INT.c **** * Summary:
  31:.\Generated_Source\PSoC4/QDEC_INT.c **** *  Interrupt Service Routine for Quadrature Decoder Component.
  32:.\Generated_Source\PSoC4/QDEC_INT.c **** *
ARM GAS  C:\Users\g\AppData\Local\Temp\ccVMdlla.s 			page 2


  33:.\Generated_Source\PSoC4/QDEC_INT.c **** * Parameters:
  34:.\Generated_Source\PSoC4/QDEC_INT.c **** *  None.
  35:.\Generated_Source\PSoC4/QDEC_INT.c **** *
  36:.\Generated_Source\PSoC4/QDEC_INT.c **** * Return:
  37:.\Generated_Source\PSoC4/QDEC_INT.c **** *  None.
  38:.\Generated_Source\PSoC4/QDEC_INT.c **** *
  39:.\Generated_Source\PSoC4/QDEC_INT.c **** * Global variables:
  40:.\Generated_Source\PSoC4/QDEC_INT.c **** *  QDEC_count32SoftPart - modified to update hi 16 bit for current
  41:.\Generated_Source\PSoC4/QDEC_INT.c **** *  value of the 32-bit counter, when Counter size equal 32-bit.
  42:.\Generated_Source\PSoC4/QDEC_INT.c **** *  QDEC_swStatus - modified with the updated values of STATUS
  43:.\Generated_Source\PSoC4/QDEC_INT.c **** *  register.
  44:.\Generated_Source\PSoC4/QDEC_INT.c **** *
  45:.\Generated_Source\PSoC4/QDEC_INT.c **** *******************************************************************************/
  46:.\Generated_Source\PSoC4/QDEC_INT.c **** CY_ISR( QDEC_ISR )
  47:.\Generated_Source\PSoC4/QDEC_INT.c **** {
  26              		.loc 1 47 0
  27              		.cfi_startproc
  48:.\Generated_Source\PSoC4/QDEC_INT.c ****    uint8 QDEC_swStatus;
  49:.\Generated_Source\PSoC4/QDEC_INT.c **** 
  50:.\Generated_Source\PSoC4/QDEC_INT.c ****    QDEC_swStatus = QDEC_STATUS_REG;
  28              		.loc 1 50 0
  29 0000 0C4B     		ldr	r3, .L5
  30 0002 1B78     		ldrb	r3, [r3]
  31 0004 DBB2     		uxtb	r3, r3
  32              	.LVL0:
  51:.\Generated_Source\PSoC4/QDEC_INT.c **** 
  52:.\Generated_Source\PSoC4/QDEC_INT.c ****     #ifdef QDEC_ISR_ENTRY_CALLBACK
  53:.\Generated_Source\PSoC4/QDEC_INT.c ****         QDEC_ISR_EntryCallback();
  54:.\Generated_Source\PSoC4/QDEC_INT.c ****     #endif /* QDEC_ISR_ENTRY_CALLBACK */
  55:.\Generated_Source\PSoC4/QDEC_INT.c **** 
  56:.\Generated_Source\PSoC4/QDEC_INT.c ****     /* User code required at start of ISR */
  57:.\Generated_Source\PSoC4/QDEC_INT.c ****     /* `#START QDEC_ISR_START` */
  58:.\Generated_Source\PSoC4/QDEC_INT.c **** 
  59:.\Generated_Source\PSoC4/QDEC_INT.c ****     /* `#END` */
  60:.\Generated_Source\PSoC4/QDEC_INT.c **** 
  61:.\Generated_Source\PSoC4/QDEC_INT.c ****     if (0u != (QDEC_swStatus & QDEC_COUNTER_OVERFLOW))
  33              		.loc 1 61 0
  34 0006 DA07     		lsl	r2, r3, #31
  35 0008 06D5     		bpl	.L2
  62:.\Generated_Source\PSoC4/QDEC_INT.c ****     {
  63:.\Generated_Source\PSoC4/QDEC_INT.c ****         QDEC_count32SoftPart += (int32) QDEC_COUNTER_MAX_VALUE;
  36              		.loc 1 63 0
  37 000a 0B49     		ldr	r1, .L5+4
  38 000c 0A68     		ldr	r2, [r1]
  39 000e 0B48     		ldr	r0, .L5+8
  40 0010 8446     		mov	ip, r0
  41 0012 6244     		add	r2, r2, ip
  42 0014 0A60     		str	r2, [r1]
  43 0016 07E0     		b	.L3
  44              	.L2:
  64:.\Generated_Source\PSoC4/QDEC_INT.c ****     }
  65:.\Generated_Source\PSoC4/QDEC_INT.c ****     else if (0u != (QDEC_swStatus & QDEC_COUNTER_UNDERFLOW))
  45              		.loc 1 65 0
  46 0018 9A07     		lsl	r2, r3, #30
  47 001a 05D5     		bpl	.L3
  66:.\Generated_Source\PSoC4/QDEC_INT.c ****     {
  67:.\Generated_Source\PSoC4/QDEC_INT.c ****         QDEC_count32SoftPart -= (int32) QDEC_COUNTER_INIT_VALUE;
ARM GAS  C:\Users\g\AppData\Local\Temp\ccVMdlla.s 			page 3


  48              		.loc 1 67 0
  49 001c 0649     		ldr	r1, .L5+4
  50 001e 0A68     		ldr	r2, [r1]
  51 0020 0748     		ldr	r0, .L5+12
  52 0022 8446     		mov	ip, r0
  53 0024 6244     		add	r2, r2, ip
  54 0026 0A60     		str	r2, [r1]
  55              	.L3:
  68:.\Generated_Source\PSoC4/QDEC_INT.c ****     }
  69:.\Generated_Source\PSoC4/QDEC_INT.c ****     else
  70:.\Generated_Source\PSoC4/QDEC_INT.c ****     {
  71:.\Generated_Source\PSoC4/QDEC_INT.c ****         /* Nothing to do here */
  72:.\Generated_Source\PSoC4/QDEC_INT.c ****     }
  73:.\Generated_Source\PSoC4/QDEC_INT.c ****     
  74:.\Generated_Source\PSoC4/QDEC_INT.c ****     if (0u != (QDEC_swStatus & QDEC_COUNTER_RESET))
  56              		.loc 1 74 0
  57 0028 5B07     		lsl	r3, r3, #29
  58 002a 02D5     		bpl	.L1
  59              	.LVL1:
  75:.\Generated_Source\PSoC4/QDEC_INT.c ****     {
  76:.\Generated_Source\PSoC4/QDEC_INT.c ****         QDEC_count32SoftPart = 0;
  60              		.loc 1 76 0
  61 002c 0022     		mov	r2, #0
  62 002e 024B     		ldr	r3, .L5+4
  63 0030 1A60     		str	r2, [r3]
  64              	.L1:
  77:.\Generated_Source\PSoC4/QDEC_INT.c ****     }
  78:.\Generated_Source\PSoC4/QDEC_INT.c ****     
  79:.\Generated_Source\PSoC4/QDEC_INT.c ****     /* User code required at end of ISR */
  80:.\Generated_Source\PSoC4/QDEC_INT.c ****     /* `#START QDEC_ISR_END` */
  81:.\Generated_Source\PSoC4/QDEC_INT.c **** 
  82:.\Generated_Source\PSoC4/QDEC_INT.c ****     /* `#END` */
  83:.\Generated_Source\PSoC4/QDEC_INT.c **** 
  84:.\Generated_Source\PSoC4/QDEC_INT.c ****     #ifdef QDEC_ISR_EXIT_CALLBACK
  85:.\Generated_Source\PSoC4/QDEC_INT.c ****         QDEC_ISR_ExitCallback();
  86:.\Generated_Source\PSoC4/QDEC_INT.c ****     #endif /* QDEC_ISR_EXIT_CALLBACK */
  87:.\Generated_Source\PSoC4/QDEC_INT.c **** }
  65              		.loc 1 87 0
  66              		@ sp needed
  67 0032 7047     		bx	lr
  68              	.L6:
  69              		.align	2
  70              	.L5:
  71 0034 60000F40 		.word	1074724960
  72 0038 00000000 		.word	.LANCHOR0
  73 003c FF7F0000 		.word	32767
  74 0040 0080FFFF 		.word	-32768
  75              		.cfi_endproc
  76              	.LFE0:
  77              		.size	QDEC_ISR, .-QDEC_ISR
  78              		.global	QDEC_count32SoftPart
  79              		.bss
  80              		.align	2
  81              		.set	.LANCHOR0,. + 0
  82              		.type	QDEC_count32SoftPart, %object
  83              		.size	QDEC_count32SoftPart, 4
  84              	QDEC_count32SoftPart:
ARM GAS  C:\Users\g\AppData\Local\Temp\ccVMdlla.s 			page 4


  85 0000 00000000 		.space	4
  86              		.text
  87              	.Letext0:
  88              		.file 2 ".\\Generated_Source\\PSoC4\\cytypes.h"
  89              		.section	.debug_info,"",%progbits
  90              	.Ldebug_info0:
  91 0000 E8000000 		.4byte	0xe8
  92 0004 0400     		.2byte	0x4
  93 0006 00000000 		.4byte	.Ldebug_abbrev0
  94 000a 04       		.byte	0x4
  95 000b 01       		.uleb128 0x1
  96 000c 21010000 		.4byte	.LASF16
  97 0010 01       		.byte	0x1
  98 0011 6D000000 		.4byte	.LASF17
  99 0015 91000000 		.4byte	.LASF18
 100 0019 00000000 		.4byte	.Ldebug_ranges0+0
 101 001d 00000000 		.4byte	0
 102 0021 00000000 		.4byte	.Ldebug_line0
 103 0025 02       		.uleb128 0x2
 104 0026 01       		.byte	0x1
 105 0027 06       		.byte	0x6
 106 0028 EE000000 		.4byte	.LASF0
 107 002c 02       		.uleb128 0x2
 108 002d 01       		.byte	0x1
 109 002e 08       		.byte	0x8
 110 002f B8000000 		.4byte	.LASF1
 111 0033 02       		.uleb128 0x2
 112 0034 02       		.byte	0x2
 113 0035 05       		.byte	0x5
 114 0036 09010000 		.4byte	.LASF2
 115 003a 02       		.uleb128 0x2
 116 003b 02       		.byte	0x2
 117 003c 07       		.byte	0x7
 118 003d DB000000 		.4byte	.LASF3
 119 0041 02       		.uleb128 0x2
 120 0042 04       		.byte	0x4
 121 0043 05       		.byte	0x5
 122 0044 CB000000 		.4byte	.LASF4
 123 0048 02       		.uleb128 0x2
 124 0049 04       		.byte	0x4
 125 004a 07       		.byte	0x7
 126 004b 44000000 		.4byte	.LASF5
 127 004f 02       		.uleb128 0x2
 128 0050 08       		.byte	0x8
 129 0051 05       		.byte	0x5
 130 0052 00000000 		.4byte	.LASF6
 131 0056 02       		.uleb128 0x2
 132 0057 08       		.byte	0x8
 133 0058 07       		.byte	0x7
 134 0059 56000000 		.4byte	.LASF7
 135 005d 03       		.uleb128 0x3
 136 005e 04       		.byte	0x4
 137 005f 05       		.byte	0x5
 138 0060 696E7400 		.ascii	"int\000"
 139 0064 02       		.uleb128 0x2
 140 0065 04       		.byte	0x4
 141 0066 07       		.byte	0x7
ARM GAS  C:\Users\g\AppData\Local\Temp\ccVMdlla.s 			page 5


 142 0067 0E000000 		.4byte	.LASF8
 143 006b 04       		.uleb128 0x4
 144 006c 3E000000 		.4byte	.LASF9
 145 0070 02       		.byte	0x2
 146 0071 9801     		.2byte	0x198
 147 0073 2C000000 		.4byte	0x2c
 148 0077 04       		.uleb128 0x4
 149 0078 BA010000 		.4byte	.LASF10
 150 007c 02       		.byte	0x2
 151 007d 9D01     		.2byte	0x19d
 152 007f 41000000 		.4byte	0x41
 153 0083 02       		.uleb128 0x2
 154 0084 04       		.byte	0x4
 155 0085 04       		.byte	0x4
 156 0086 03010000 		.4byte	.LASF11
 157 008a 02       		.uleb128 0x2
 158 008b 08       		.byte	0x8
 159 008c 04       		.byte	0x4
 160 008d D4000000 		.4byte	.LASF12
 161 0091 02       		.uleb128 0x2
 162 0092 01       		.byte	0x1
 163 0093 08       		.byte	0x8
 164 0094 C6000000 		.4byte	.LASF13
 165 0098 04       		.uleb128 0x4
 166 0099 13010000 		.4byte	.LASF14
 167 009d 02       		.byte	0x2
 168 009e 4202     		.2byte	0x242
 169 00a0 A4000000 		.4byte	0xa4
 170 00a4 05       		.uleb128 0x5
 171 00a5 6B000000 		.4byte	0x6b
 172 00a9 02       		.uleb128 0x2
 173 00aa 04       		.byte	0x4
 174 00ab 07       		.byte	0x7
 175 00ac 18010000 		.4byte	.LASF15
 176 00b0 06       		.uleb128 0x6
 177 00b1 FA000000 		.4byte	.LASF19
 178 00b5 01       		.byte	0x1
 179 00b6 2E       		.byte	0x2e
 180 00b7 00000000 		.4byte	.LFB0
 181 00bb 44000000 		.4byte	.LFE0-.LFB0
 182 00bf 01       		.uleb128 0x1
 183 00c0 9C       		.byte	0x9c
 184 00c1 D5000000 		.4byte	0xd5
 185 00c5 07       		.uleb128 0x7
 186 00c6 1B000000 		.4byte	.LASF20
 187 00ca 01       		.byte	0x1
 188 00cb 30       		.byte	0x30
 189 00cc 6B000000 		.4byte	0x6b
 190 00d0 00000000 		.4byte	.LLST0
 191 00d4 00       		.byte	0
 192 00d5 08       		.uleb128 0x8
 193 00d6 29000000 		.4byte	.LASF21
 194 00da 01       		.byte	0x1
 195 00db 17       		.byte	0x17
 196 00dc E6000000 		.4byte	0xe6
 197 00e0 05       		.uleb128 0x5
 198 00e1 03       		.byte	0x3
ARM GAS  C:\Users\g\AppData\Local\Temp\ccVMdlla.s 			page 6


 199 00e2 00000000 		.4byte	QDEC_count32SoftPart
 200 00e6 05       		.uleb128 0x5
 201 00e7 77000000 		.4byte	0x77
 202 00eb 00       		.byte	0
 203              		.section	.debug_abbrev,"",%progbits
 204              	.Ldebug_abbrev0:
 205 0000 01       		.uleb128 0x1
 206 0001 11       		.uleb128 0x11
 207 0002 01       		.byte	0x1
 208 0003 25       		.uleb128 0x25
 209 0004 0E       		.uleb128 0xe
 210 0005 13       		.uleb128 0x13
 211 0006 0B       		.uleb128 0xb
 212 0007 03       		.uleb128 0x3
 213 0008 0E       		.uleb128 0xe
 214 0009 1B       		.uleb128 0x1b
 215 000a 0E       		.uleb128 0xe
 216 000b 55       		.uleb128 0x55
 217 000c 17       		.uleb128 0x17
 218 000d 11       		.uleb128 0x11
 219 000e 01       		.uleb128 0x1
 220 000f 10       		.uleb128 0x10
 221 0010 17       		.uleb128 0x17
 222 0011 00       		.byte	0
 223 0012 00       		.byte	0
 224 0013 02       		.uleb128 0x2
 225 0014 24       		.uleb128 0x24
 226 0015 00       		.byte	0
 227 0016 0B       		.uleb128 0xb
 228 0017 0B       		.uleb128 0xb
 229 0018 3E       		.uleb128 0x3e
 230 0019 0B       		.uleb128 0xb
 231 001a 03       		.uleb128 0x3
 232 001b 0E       		.uleb128 0xe
 233 001c 00       		.byte	0
 234 001d 00       		.byte	0
 235 001e 03       		.uleb128 0x3
 236 001f 24       		.uleb128 0x24
 237 0020 00       		.byte	0
 238 0021 0B       		.uleb128 0xb
 239 0022 0B       		.uleb128 0xb
 240 0023 3E       		.uleb128 0x3e
 241 0024 0B       		.uleb128 0xb
 242 0025 03       		.uleb128 0x3
 243 0026 08       		.uleb128 0x8
 244 0027 00       		.byte	0
 245 0028 00       		.byte	0
 246 0029 04       		.uleb128 0x4
 247 002a 16       		.uleb128 0x16
 248 002b 00       		.byte	0
 249 002c 03       		.uleb128 0x3
 250 002d 0E       		.uleb128 0xe
 251 002e 3A       		.uleb128 0x3a
 252 002f 0B       		.uleb128 0xb
 253 0030 3B       		.uleb128 0x3b
 254 0031 05       		.uleb128 0x5
 255 0032 49       		.uleb128 0x49
ARM GAS  C:\Users\g\AppData\Local\Temp\ccVMdlla.s 			page 7


 256 0033 13       		.uleb128 0x13
 257 0034 00       		.byte	0
 258 0035 00       		.byte	0
 259 0036 05       		.uleb128 0x5
 260 0037 35       		.uleb128 0x35
 261 0038 00       		.byte	0
 262 0039 49       		.uleb128 0x49
 263 003a 13       		.uleb128 0x13
 264 003b 00       		.byte	0
 265 003c 00       		.byte	0
 266 003d 06       		.uleb128 0x6
 267 003e 2E       		.uleb128 0x2e
 268 003f 01       		.byte	0x1
 269 0040 3F       		.uleb128 0x3f
 270 0041 19       		.uleb128 0x19
 271 0042 03       		.uleb128 0x3
 272 0043 0E       		.uleb128 0xe
 273 0044 3A       		.uleb128 0x3a
 274 0045 0B       		.uleb128 0xb
 275 0046 3B       		.uleb128 0x3b
 276 0047 0B       		.uleb128 0xb
 277 0048 27       		.uleb128 0x27
 278 0049 19       		.uleb128 0x19
 279 004a 11       		.uleb128 0x11
 280 004b 01       		.uleb128 0x1
 281 004c 12       		.uleb128 0x12
 282 004d 06       		.uleb128 0x6
 283 004e 40       		.uleb128 0x40
 284 004f 18       		.uleb128 0x18
 285 0050 9742     		.uleb128 0x2117
 286 0052 19       		.uleb128 0x19
 287 0053 01       		.uleb128 0x1
 288 0054 13       		.uleb128 0x13
 289 0055 00       		.byte	0
 290 0056 00       		.byte	0
 291 0057 07       		.uleb128 0x7
 292 0058 34       		.uleb128 0x34
 293 0059 00       		.byte	0
 294 005a 03       		.uleb128 0x3
 295 005b 0E       		.uleb128 0xe
 296 005c 3A       		.uleb128 0x3a
 297 005d 0B       		.uleb128 0xb
 298 005e 3B       		.uleb128 0x3b
 299 005f 0B       		.uleb128 0xb
 300 0060 49       		.uleb128 0x49
 301 0061 13       		.uleb128 0x13
 302 0062 02       		.uleb128 0x2
 303 0063 17       		.uleb128 0x17
 304 0064 00       		.byte	0
 305 0065 00       		.byte	0
 306 0066 08       		.uleb128 0x8
 307 0067 34       		.uleb128 0x34
 308 0068 00       		.byte	0
 309 0069 03       		.uleb128 0x3
 310 006a 0E       		.uleb128 0xe
 311 006b 3A       		.uleb128 0x3a
 312 006c 0B       		.uleb128 0xb
ARM GAS  C:\Users\g\AppData\Local\Temp\ccVMdlla.s 			page 8


 313 006d 3B       		.uleb128 0x3b
 314 006e 0B       		.uleb128 0xb
 315 006f 49       		.uleb128 0x49
 316 0070 13       		.uleb128 0x13
 317 0071 3F       		.uleb128 0x3f
 318 0072 19       		.uleb128 0x19
 319 0073 02       		.uleb128 0x2
 320 0074 18       		.uleb128 0x18
 321 0075 00       		.byte	0
 322 0076 00       		.byte	0
 323 0077 00       		.byte	0
 324              		.section	.debug_loc,"",%progbits
 325              	.Ldebug_loc0:
 326              	.LLST0:
 327 0000 06000000 		.4byte	.LVL0
 328 0004 2C000000 		.4byte	.LVL1
 329 0008 0100     		.2byte	0x1
 330 000a 53       		.byte	0x53
 331 000b 00000000 		.4byte	0
 332 000f 00000000 		.4byte	0
 333              		.section	.debug_aranges,"",%progbits
 334 0000 1C000000 		.4byte	0x1c
 335 0004 0200     		.2byte	0x2
 336 0006 00000000 		.4byte	.Ldebug_info0
 337 000a 04       		.byte	0x4
 338 000b 00       		.byte	0
 339 000c 0000     		.2byte	0
 340 000e 0000     		.2byte	0
 341 0010 00000000 		.4byte	.LFB0
 342 0014 44000000 		.4byte	.LFE0-.LFB0
 343 0018 00000000 		.4byte	0
 344 001c 00000000 		.4byte	0
 345              		.section	.debug_ranges,"",%progbits
 346              	.Ldebug_ranges0:
 347 0000 00000000 		.4byte	.LFB0
 348 0004 44000000 		.4byte	.LFE0
 349 0008 00000000 		.4byte	0
 350 000c 00000000 		.4byte	0
 351              		.section	.debug_line,"",%progbits
 352              	.Ldebug_line0:
 353 0000 68000000 		.section	.debug_str,"MS",%progbits,1
 353      02004700 
 353      00000201 
 353      FB0E0D00 
 353      01010101 
 354              	.LASF6:
 355 0000 6C6F6E67 		.ascii	"long long int\000"
 355      206C6F6E 
 355      6720696E 
 355      7400
 356              	.LASF8:
 357 000e 756E7369 		.ascii	"unsigned int\000"
 357      676E6564 
 357      20696E74 
 357      00
 358              	.LASF20:
 359 001b 51444543 		.ascii	"QDEC_swStatus\000"
ARM GAS  C:\Users\g\AppData\Local\Temp\ccVMdlla.s 			page 9


 359      5F737753 
 359      74617475 
 359      7300
 360              	.LASF21:
 361 0029 51444543 		.ascii	"QDEC_count32SoftPart\000"
 361      5F636F75 
 361      6E743332 
 361      536F6674 
 361      50617274 
 362              	.LASF9:
 363 003e 75696E74 		.ascii	"uint8\000"
 363      3800
 364              	.LASF5:
 365 0044 6C6F6E67 		.ascii	"long unsigned int\000"
 365      20756E73 
 365      69676E65 
 365      6420696E 
 365      7400
 366              	.LASF7:
 367 0056 6C6F6E67 		.ascii	"long long unsigned int\000"
 367      206C6F6E 
 367      6720756E 
 367      7369676E 
 367      65642069 
 368              	.LASF17:
 369 006d 2E5C4765 		.ascii	".\\Generated_Source\\PSoC4\\QDEC_INT.c\000"
 369      6E657261 
 369      7465645F 
 369      536F7572 
 369      63655C50 
 370              	.LASF18:
 371 0091 443A5C63 		.ascii	"D:\\code\\cypress\\controllers\\bldc.cydsn\000"
 371      6F64655C 
 371      63797072 
 371      6573735C 
 371      636F6E74 
 372              	.LASF1:
 373 00b8 756E7369 		.ascii	"unsigned char\000"
 373      676E6564 
 373      20636861 
 373      7200
 374              	.LASF13:
 375 00c6 63686172 		.ascii	"char\000"
 375      00
 376              	.LASF4:
 377 00cb 6C6F6E67 		.ascii	"long int\000"
 377      20696E74 
 377      00
 378              	.LASF12:
 379 00d4 646F7562 		.ascii	"double\000"
 379      6C6500
 380              	.LASF3:
 381 00db 73686F72 		.ascii	"short unsigned int\000"
 381      7420756E 
 381      7369676E 
 381      65642069 
 381      6E7400
ARM GAS  C:\Users\g\AppData\Local\Temp\ccVMdlla.s 			page 10


 382              	.LASF0:
 383 00ee 7369676E 		.ascii	"signed char\000"
 383      65642063 
 383      68617200 
 384              	.LASF19:
 385 00fa 51444543 		.ascii	"QDEC_ISR\000"
 385      5F495352 
 385      00
 386              	.LASF11:
 387 0103 666C6F61 		.ascii	"float\000"
 387      7400
 388              	.LASF2:
 389 0109 73686F72 		.ascii	"short int\000"
 389      7420696E 
 389      7400
 390              	.LASF14:
 391 0113 72656738 		.ascii	"reg8\000"
 391      00
 392              	.LASF15:
 393 0118 73697A65 		.ascii	"sizetype\000"
 393      74797065 
 393      00
 394              	.LASF16:
 395 0121 474E5520 		.ascii	"GNU C 4.9.3 20150303 (release) [ARM/embedded-4_9-br"
 395      4320342E 
 395      392E3320 
 395      32303135 
 395      30333033 
 396 0154 616E6368 		.ascii	"anch revision 221220] -mcpu=cortex-m0 -mthumb -g -O"
 396      20726576 
 396      6973696F 
 396      6E203232 
 396      31323230 
 397 0187 67202D73 		.ascii	"g -std=gnu99 -ffunction-sections -ffat-lto-objects\000"
 397      74643D67 
 397      6E753939 
 397      202D6666 
 397      756E6374 
 398              	.LASF10:
 399 01ba 696E7433 		.ascii	"int32\000"
 399      3200
 400              		.ident	"GCC: (GNU Tools for ARM Embedded Processors) 4.9.3 20150303 (release) [ARM/embedded-4_9-br
