ARM GAS  C:\Users\g\AppData\Local\Temp\ccV0EzHp.s 			page 1


   1              		.cpu cortex-m0
   2              		.fpu softvfp
   3              		.eabi_attribute 20, 1
   4              		.eabi_attribute 21, 1
   5              		.eabi_attribute 23, 3
   6              		.eabi_attribute 24, 1
   7              		.eabi_attribute 25, 1
   8              		.eabi_attribute 26, 1
   9              		.eabi_attribute 30, 1
  10              		.eabi_attribute 34, 0
  11              		.eabi_attribute 18, 4
  12              		.code	16
  13              		.file	"QDEC_PM.c"
  14              		.text
  15              	.Ltext0:
  16              		.cfi_sections	.debug_frame
  17              		.section	.text.QDEC_SaveConfig,"ax",%progbits
  18              		.align	2
  19              		.global	QDEC_SaveConfig
  20              		.code	16
  21              		.thumb_func
  22              		.type	QDEC_SaveConfig, %function
  23              	QDEC_SaveConfig:
  24              	.LFB0:
  25              		.file 1 ".\\Generated_Source\\PSoC4\\QDEC_PM.c"
   1:.\Generated_Source\PSoC4/QDEC_PM.c **** /*******************************************************************************
   2:.\Generated_Source\PSoC4/QDEC_PM.c **** * File Name: QDEC_PM.c
   3:.\Generated_Source\PSoC4/QDEC_PM.c **** * Version 3.0
   4:.\Generated_Source\PSoC4/QDEC_PM.c **** *
   5:.\Generated_Source\PSoC4/QDEC_PM.c **** * Description:
   6:.\Generated_Source\PSoC4/QDEC_PM.c **** *  This file contains the setup, control and status commands to support 
   7:.\Generated_Source\PSoC4/QDEC_PM.c **** *  component operations in low power mode.  
   8:.\Generated_Source\PSoC4/QDEC_PM.c **** *
   9:.\Generated_Source\PSoC4/QDEC_PM.c **** * Note:
  10:.\Generated_Source\PSoC4/QDEC_PM.c **** *  None.
  11:.\Generated_Source\PSoC4/QDEC_PM.c **** *
  12:.\Generated_Source\PSoC4/QDEC_PM.c **** ********************************************************************************
  13:.\Generated_Source\PSoC4/QDEC_PM.c **** * Copyright 2008-2014, Cypress Semiconductor Corporation.  All rights reserved.
  14:.\Generated_Source\PSoC4/QDEC_PM.c **** * You may use this file only in accordance with the license, terms, conditions,
  15:.\Generated_Source\PSoC4/QDEC_PM.c **** * disclaimers, and limitations in the end user license agreement accompanying
  16:.\Generated_Source\PSoC4/QDEC_PM.c **** * the software package with which this file was provided.
  17:.\Generated_Source\PSoC4/QDEC_PM.c **** *******************************************************************************/
  18:.\Generated_Source\PSoC4/QDEC_PM.c **** 
  19:.\Generated_Source\PSoC4/QDEC_PM.c **** #include "QDEC.h"
  20:.\Generated_Source\PSoC4/QDEC_PM.c **** 
  21:.\Generated_Source\PSoC4/QDEC_PM.c **** static QDEC_BACKUP_STRUCT QDEC_backup = {0u};
  22:.\Generated_Source\PSoC4/QDEC_PM.c **** 
  23:.\Generated_Source\PSoC4/QDEC_PM.c **** 
  24:.\Generated_Source\PSoC4/QDEC_PM.c **** /*******************************************************************************
  25:.\Generated_Source\PSoC4/QDEC_PM.c **** * Function Name: QDEC_SaveConfig
  26:.\Generated_Source\PSoC4/QDEC_PM.c **** ********************************************************************************
  27:.\Generated_Source\PSoC4/QDEC_PM.c **** * Summary:
  28:.\Generated_Source\PSoC4/QDEC_PM.c **** *  Saves the current user configuration of the component.
  29:.\Generated_Source\PSoC4/QDEC_PM.c **** *
  30:.\Generated_Source\PSoC4/QDEC_PM.c **** * Parameters:
  31:.\Generated_Source\PSoC4/QDEC_PM.c **** *  None.
  32:.\Generated_Source\PSoC4/QDEC_PM.c **** *
ARM GAS  C:\Users\g\AppData\Local\Temp\ccV0EzHp.s 			page 2


  33:.\Generated_Source\PSoC4/QDEC_PM.c **** * Return:
  34:.\Generated_Source\PSoC4/QDEC_PM.c **** *  None.
  35:.\Generated_Source\PSoC4/QDEC_PM.c **** *
  36:.\Generated_Source\PSoC4/QDEC_PM.c **** *******************************************************************************/
  37:.\Generated_Source\PSoC4/QDEC_PM.c **** void QDEC_SaveConfig(void) 
  38:.\Generated_Source\PSoC4/QDEC_PM.c **** {
  26              		.loc 1 38 0
  27              		.cfi_startproc
  28 0000 08B5     		push	{r3, lr}
  29              		.cfi_def_cfa_offset 8
  30              		.cfi_offset 3, -8
  31              		.cfi_offset 14, -4
  39:.\Generated_Source\PSoC4/QDEC_PM.c ****     #if (QDEC_COUNTER_SIZE == QDEC_COUNTER_SIZE_8_BIT)
  40:.\Generated_Source\PSoC4/QDEC_PM.c ****         QDEC_Cnt8_SaveConfig();
  41:.\Generated_Source\PSoC4/QDEC_PM.c ****     #else 
  42:.\Generated_Source\PSoC4/QDEC_PM.c ****         /* (QDEC_COUNTER_SIZE == QDEC_COUNTER_SIZE_16_BIT) || 
  43:.\Generated_Source\PSoC4/QDEC_PM.c ****          * (QDEC_COUNTER_SIZE == QDEC_COUNTER_SIZE_32_BIT)
  44:.\Generated_Source\PSoC4/QDEC_PM.c ****          */
  45:.\Generated_Source\PSoC4/QDEC_PM.c ****         QDEC_Cnt16_SaveConfig();
  32              		.loc 1 45 0
  33 0002 FFF7FEFF 		bl	QDEC_Cnt16_SaveConfig
  34              	.LVL0:
  46:.\Generated_Source\PSoC4/QDEC_PM.c ****     #endif /* (QDEC_COUNTER_SIZE == QDEC_COUNTER_SIZE_8_BIT) */
  47:.\Generated_Source\PSoC4/QDEC_PM.c **** }
  35              		.loc 1 47 0
  36              		@ sp needed
  37 0006 08BD     		pop	{r3, pc}
  38              		.cfi_endproc
  39              	.LFE0:
  40              		.size	QDEC_SaveConfig, .-QDEC_SaveConfig
  41              		.section	.text.QDEC_RestoreConfig,"ax",%progbits
  42              		.align	2
  43              		.global	QDEC_RestoreConfig
  44              		.code	16
  45              		.thumb_func
  46              		.type	QDEC_RestoreConfig, %function
  47              	QDEC_RestoreConfig:
  48              	.LFB1:
  48:.\Generated_Source\PSoC4/QDEC_PM.c **** 
  49:.\Generated_Source\PSoC4/QDEC_PM.c **** 
  50:.\Generated_Source\PSoC4/QDEC_PM.c **** /*******************************************************************************
  51:.\Generated_Source\PSoC4/QDEC_PM.c **** * Function Name: QDEC_RestoreConfig
  52:.\Generated_Source\PSoC4/QDEC_PM.c **** ********************************************************************************
  53:.\Generated_Source\PSoC4/QDEC_PM.c **** * Summary:
  54:.\Generated_Source\PSoC4/QDEC_PM.c **** *  Restores the current user configuration of the component.
  55:.\Generated_Source\PSoC4/QDEC_PM.c **** *
  56:.\Generated_Source\PSoC4/QDEC_PM.c **** * Parameters:
  57:.\Generated_Source\PSoC4/QDEC_PM.c **** *  None.
  58:.\Generated_Source\PSoC4/QDEC_PM.c **** *
  59:.\Generated_Source\PSoC4/QDEC_PM.c **** * Return:
  60:.\Generated_Source\PSoC4/QDEC_PM.c **** *  None.
  61:.\Generated_Source\PSoC4/QDEC_PM.c **** *
  62:.\Generated_Source\PSoC4/QDEC_PM.c **** *******************************************************************************/
  63:.\Generated_Source\PSoC4/QDEC_PM.c **** void QDEC_RestoreConfig(void) 
  64:.\Generated_Source\PSoC4/QDEC_PM.c **** {
  49              		.loc 1 64 0
  50              		.cfi_startproc
ARM GAS  C:\Users\g\AppData\Local\Temp\ccV0EzHp.s 			page 3


  51 0000 08B5     		push	{r3, lr}
  52              		.cfi_def_cfa_offset 8
  53              		.cfi_offset 3, -8
  54              		.cfi_offset 14, -4
  65:.\Generated_Source\PSoC4/QDEC_PM.c ****     #if (QDEC_COUNTER_SIZE == QDEC_COUNTER_SIZE_8_BIT)
  66:.\Generated_Source\PSoC4/QDEC_PM.c ****         QDEC_Cnt8_RestoreConfig();
  67:.\Generated_Source\PSoC4/QDEC_PM.c ****     #else 
  68:.\Generated_Source\PSoC4/QDEC_PM.c ****         /* (QDEC_COUNTER_SIZE == QDEC_COUNTER_SIZE_16_BIT) || 
  69:.\Generated_Source\PSoC4/QDEC_PM.c ****          * (QDEC_COUNTER_SIZE == QDEC_COUNTER_SIZE_32_BIT) 
  70:.\Generated_Source\PSoC4/QDEC_PM.c ****          */
  71:.\Generated_Source\PSoC4/QDEC_PM.c ****         QDEC_Cnt16_RestoreConfig();
  55              		.loc 1 71 0
  56 0002 FFF7FEFF 		bl	QDEC_Cnt16_RestoreConfig
  57              	.LVL1:
  72:.\Generated_Source\PSoC4/QDEC_PM.c ****     #endif /* (QDEC_COUNTER_SIZE == QDEC_COUNTER_SIZE_8_BIT) */
  73:.\Generated_Source\PSoC4/QDEC_PM.c **** }
  58              		.loc 1 73 0
  59              		@ sp needed
  60 0006 08BD     		pop	{r3, pc}
  61              		.cfi_endproc
  62              	.LFE1:
  63              		.size	QDEC_RestoreConfig, .-QDEC_RestoreConfig
  64              		.section	.text.QDEC_Sleep,"ax",%progbits
  65              		.align	2
  66              		.global	QDEC_Sleep
  67              		.code	16
  68              		.thumb_func
  69              		.type	QDEC_Sleep, %function
  70              	QDEC_Sleep:
  71              	.LFB2:
  74:.\Generated_Source\PSoC4/QDEC_PM.c **** 
  75:.\Generated_Source\PSoC4/QDEC_PM.c **** 
  76:.\Generated_Source\PSoC4/QDEC_PM.c **** /*******************************************************************************
  77:.\Generated_Source\PSoC4/QDEC_PM.c **** * Function Name: QDEC_Sleep
  78:.\Generated_Source\PSoC4/QDEC_PM.c **** ********************************************************************************
  79:.\Generated_Source\PSoC4/QDEC_PM.c **** * 
  80:.\Generated_Source\PSoC4/QDEC_PM.c **** * Summary:
  81:.\Generated_Source\PSoC4/QDEC_PM.c **** *  Prepare Quadrature Decoder Component goes to sleep.
  82:.\Generated_Source\PSoC4/QDEC_PM.c **** *
  83:.\Generated_Source\PSoC4/QDEC_PM.c **** * Parameters:
  84:.\Generated_Source\PSoC4/QDEC_PM.c **** *  None.
  85:.\Generated_Source\PSoC4/QDEC_PM.c **** *
  86:.\Generated_Source\PSoC4/QDEC_PM.c **** * Return:
  87:.\Generated_Source\PSoC4/QDEC_PM.c **** *  None.
  88:.\Generated_Source\PSoC4/QDEC_PM.c **** *
  89:.\Generated_Source\PSoC4/QDEC_PM.c **** * Global Variables:
  90:.\Generated_Source\PSoC4/QDEC_PM.c **** *  QDEC_backup - modified when non-retention registers are saved.
  91:.\Generated_Source\PSoC4/QDEC_PM.c **** *
  92:.\Generated_Source\PSoC4/QDEC_PM.c **** * Reentrant:
  93:.\Generated_Source\PSoC4/QDEC_PM.c **** *  No.
  94:.\Generated_Source\PSoC4/QDEC_PM.c **** *
  95:.\Generated_Source\PSoC4/QDEC_PM.c **** *******************************************************************************/
  96:.\Generated_Source\PSoC4/QDEC_PM.c **** void QDEC_Sleep(void) 
  97:.\Generated_Source\PSoC4/QDEC_PM.c **** {
  72              		.loc 1 97 0
  73              		.cfi_startproc
  74 0000 08B5     		push	{r3, lr}
ARM GAS  C:\Users\g\AppData\Local\Temp\ccV0EzHp.s 			page 4


  75              		.cfi_def_cfa_offset 8
  76              		.cfi_offset 3, -8
  77              		.cfi_offset 14, -4
  98:.\Generated_Source\PSoC4/QDEC_PM.c ****     if (0u != (QDEC_SR_AUX_CONTROL & QDEC_INTERRUPTS_ENABLE))
  78              		.loc 1 98 0
  79 0002 084B     		ldr	r3, .L6
  80 0004 1B78     		ldrb	r3, [r3]
  81 0006 DB06     		lsl	r3, r3, #27
  82 0008 03D5     		bpl	.L4
  99:.\Generated_Source\PSoC4/QDEC_PM.c ****     {
 100:.\Generated_Source\PSoC4/QDEC_PM.c ****         QDEC_backup.enableState = 1u;
  83              		.loc 1 100 0
  84 000a 0122     		mov	r2, #1
  85 000c 064B     		ldr	r3, .L6+4
  86 000e 1A70     		strb	r2, [r3]
  87 0010 02E0     		b	.L5
  88              	.L4:
 101:.\Generated_Source\PSoC4/QDEC_PM.c ****     }
 102:.\Generated_Source\PSoC4/QDEC_PM.c ****     else /* The Quadrature Decoder Component is disabled */
 103:.\Generated_Source\PSoC4/QDEC_PM.c ****     {
 104:.\Generated_Source\PSoC4/QDEC_PM.c ****         QDEC_backup.enableState = 0u;
  89              		.loc 1 104 0
  90 0012 0022     		mov	r2, #0
  91 0014 044B     		ldr	r3, .L6+4
  92 0016 1A70     		strb	r2, [r3]
  93              	.L5:
 105:.\Generated_Source\PSoC4/QDEC_PM.c ****     }
 106:.\Generated_Source\PSoC4/QDEC_PM.c **** 
 107:.\Generated_Source\PSoC4/QDEC_PM.c ****     QDEC_Stop();
  94              		.loc 1 107 0
  95 0018 FFF7FEFF 		bl	QDEC_Stop
  96              	.LVL2:
 108:.\Generated_Source\PSoC4/QDEC_PM.c ****     QDEC_SaveConfig();
  97              		.loc 1 108 0
  98 001c FFF7FEFF 		bl	QDEC_SaveConfig
  99              	.LVL3:
 109:.\Generated_Source\PSoC4/QDEC_PM.c **** }
 100              		.loc 1 109 0
 101              		@ sp needed
 102 0020 08BD     		pop	{r3, pc}
 103              	.L7:
 104 0022 C046     		.align	2
 105              	.L6:
 106 0024 90000F40 		.word	1074725008
 107 0028 00000000 		.word	.LANCHOR0
 108              		.cfi_endproc
 109              	.LFE2:
 110              		.size	QDEC_Sleep, .-QDEC_Sleep
 111              		.section	.text.QDEC_Wakeup,"ax",%progbits
 112              		.align	2
 113              		.global	QDEC_Wakeup
 114              		.code	16
 115              		.thumb_func
 116              		.type	QDEC_Wakeup, %function
 117              	QDEC_Wakeup:
 118              	.LFB3:
 110:.\Generated_Source\PSoC4/QDEC_PM.c **** 
ARM GAS  C:\Users\g\AppData\Local\Temp\ccV0EzHp.s 			page 5


 111:.\Generated_Source\PSoC4/QDEC_PM.c **** 
 112:.\Generated_Source\PSoC4/QDEC_PM.c **** /*******************************************************************************
 113:.\Generated_Source\PSoC4/QDEC_PM.c **** * Function Name: QDEC_Wakeup
 114:.\Generated_Source\PSoC4/QDEC_PM.c **** ********************************************************************************
 115:.\Generated_Source\PSoC4/QDEC_PM.c **** *
 116:.\Generated_Source\PSoC4/QDEC_PM.c **** * Summary:
 117:.\Generated_Source\PSoC4/QDEC_PM.c **** *  Prepare Quadrature Decoder Component to wake up.
 118:.\Generated_Source\PSoC4/QDEC_PM.c **** *
 119:.\Generated_Source\PSoC4/QDEC_PM.c **** * Parameters:
 120:.\Generated_Source\PSoC4/QDEC_PM.c **** *  None.
 121:.\Generated_Source\PSoC4/QDEC_PM.c **** *
 122:.\Generated_Source\PSoC4/QDEC_PM.c **** * Return:
 123:.\Generated_Source\PSoC4/QDEC_PM.c **** *  None.
 124:.\Generated_Source\PSoC4/QDEC_PM.c **** *
 125:.\Generated_Source\PSoC4/QDEC_PM.c **** * Global Variables:
 126:.\Generated_Source\PSoC4/QDEC_PM.c **** *  QDEC_backup - used when non-retention registers are restored.
 127:.\Generated_Source\PSoC4/QDEC_PM.c **** *
 128:.\Generated_Source\PSoC4/QDEC_PM.c **** *******************************************************************************/
 129:.\Generated_Source\PSoC4/QDEC_PM.c **** void QDEC_Wakeup(void) 
 130:.\Generated_Source\PSoC4/QDEC_PM.c **** {
 119              		.loc 1 130 0
 120              		.cfi_startproc
 121 0000 08B5     		push	{r3, lr}
 122              		.cfi_def_cfa_offset 8
 123              		.cfi_offset 3, -8
 124              		.cfi_offset 14, -4
 131:.\Generated_Source\PSoC4/QDEC_PM.c ****     QDEC_RestoreConfig();
 125              		.loc 1 131 0
 126 0002 FFF7FEFF 		bl	QDEC_RestoreConfig
 127              	.LVL4:
 132:.\Generated_Source\PSoC4/QDEC_PM.c **** 
 133:.\Generated_Source\PSoC4/QDEC_PM.c ****     if (QDEC_backup.enableState != 0u)
 128              		.loc 1 133 0
 129 0006 044B     		ldr	r3, .L10
 130 0008 1B78     		ldrb	r3, [r3]
 131 000a 002B     		cmp	r3, #0
 132 000c 03D0     		beq	.L8
 134:.\Generated_Source\PSoC4/QDEC_PM.c ****     {
 135:.\Generated_Source\PSoC4/QDEC_PM.c ****         #if (QDEC_COUNTER_SIZE == QDEC_COUNTER_SIZE_8_BIT)
 136:.\Generated_Source\PSoC4/QDEC_PM.c ****             QDEC_Cnt8_Enable();
 137:.\Generated_Source\PSoC4/QDEC_PM.c ****         #else 
 138:.\Generated_Source\PSoC4/QDEC_PM.c ****             /* (QDEC_COUNTER_SIZE == QDEC_COUNTER_SIZE_16_BIT) || 
 139:.\Generated_Source\PSoC4/QDEC_PM.c ****             *  (QDEC_COUNTER_SIZE == QDEC_COUNTER_SIZE_32_BIT) 
 140:.\Generated_Source\PSoC4/QDEC_PM.c ****             */
 141:.\Generated_Source\PSoC4/QDEC_PM.c ****             QDEC_Cnt16_Enable();
 133              		.loc 1 141 0
 134 000e FFF7FEFF 		bl	QDEC_Cnt16_Enable
 135              	.LVL5:
 142:.\Generated_Source\PSoC4/QDEC_PM.c ****         #endif /* (QDEC_COUNTER_SIZE == QDEC_COUNTER_SIZE_8_BIT) */
 143:.\Generated_Source\PSoC4/QDEC_PM.c **** 
 144:.\Generated_Source\PSoC4/QDEC_PM.c ****         /* Enable component's operation */
 145:.\Generated_Source\PSoC4/QDEC_PM.c ****         QDEC_Enable();
 136              		.loc 1 145 0
 137 0012 FFF7FEFF 		bl	QDEC_Enable
 138              	.LVL6:
 139              	.L8:
 146:.\Generated_Source\PSoC4/QDEC_PM.c ****     } /* Do nothing if component's block was disabled before */
ARM GAS  C:\Users\g\AppData\Local\Temp\ccV0EzHp.s 			page 6


 147:.\Generated_Source\PSoC4/QDEC_PM.c **** }
 140              		.loc 1 147 0
 141              		@ sp needed
 142 0016 08BD     		pop	{r3, pc}
 143              	.L11:
 144              		.align	2
 145              	.L10:
 146 0018 00000000 		.word	.LANCHOR0
 147              		.cfi_endproc
 148              	.LFE3:
 149              		.size	QDEC_Wakeup, .-QDEC_Wakeup
 150              		.bss
 151              		.align	2
 152              		.set	.LANCHOR0,. + 0
 153              		.type	QDEC_backup, %object
 154              		.size	QDEC_backup, 1
 155              	QDEC_backup:
 156 0000 00       		.space	1
 157 0001 000000   		.text
 158              	.Letext0:
 159              		.file 2 ".\\Generated_Source\\PSoC4\\cytypes.h"
 160              		.file 3 ".\\Generated_Source\\PSoC4\\QDEC.h"
 161              		.file 4 ".\\Generated_Source\\PSoC4\\QDEC_Cnt16.h"
 162              		.section	.debug_info,"",%progbits
 163              	.Ldebug_info0:
 164 0000 8C010000 		.4byte	0x18c
 165 0004 0400     		.2byte	0x4
 166 0006 00000000 		.4byte	.Ldebug_abbrev0
 167 000a 04       		.byte	0x4
 168 000b 01       		.uleb128 0x1
 169 000c 49000000 		.4byte	.LASF25
 170 0010 01       		.byte	0x1
 171 0011 F0000000 		.4byte	.LASF26
 172 0015 DD010000 		.4byte	.LASF27
 173 0019 00000000 		.4byte	.Ldebug_ranges0+0
 174 001d 00000000 		.4byte	0
 175 0021 00000000 		.4byte	.Ldebug_line0
 176 0025 02       		.uleb128 0x2
 177 0026 01       		.byte	0x1
 178 0027 06       		.byte	0x6
 179 0028 32020000 		.4byte	.LASF0
 180 002c 02       		.uleb128 0x2
 181 002d 01       		.byte	0x1
 182 002e 08       		.byte	0x8
 183 002f E2000000 		.4byte	.LASF1
 184 0033 02       		.uleb128 0x2
 185 0034 02       		.byte	0x2
 186 0035 05       		.byte	0x5
 187 0036 D3010000 		.4byte	.LASF2
 188 003a 02       		.uleb128 0x2
 189 003b 02       		.byte	0x2
 190 003c 07       		.byte	0x7
 191 003d 20000000 		.4byte	.LASF3
 192 0041 02       		.uleb128 0x2
 193 0042 04       		.byte	0x4
 194 0043 05       		.byte	0x5
 195 0044 04020000 		.4byte	.LASF4
ARM GAS  C:\Users\g\AppData\Local\Temp\ccV0EzHp.s 			page 7


 196 0048 02       		.uleb128 0x2
 197 0049 04       		.byte	0x4
 198 004a 07       		.byte	0x7
 199 004b 36010000 		.4byte	.LASF5
 200 004f 02       		.uleb128 0x2
 201 0050 08       		.byte	0x8
 202 0051 05       		.byte	0x5
 203 0052 B4010000 		.4byte	.LASF6
 204 0056 02       		.uleb128 0x2
 205 0057 08       		.byte	0x8
 206 0058 07       		.byte	0x7
 207 0059 88010000 		.4byte	.LASF7
 208 005d 03       		.uleb128 0x3
 209 005e 04       		.byte	0x4
 210 005f 05       		.byte	0x5
 211 0060 696E7400 		.ascii	"int\000"
 212 0064 02       		.uleb128 0x2
 213 0065 04       		.byte	0x4
 214 0066 07       		.byte	0x7
 215 0067 7B010000 		.4byte	.LASF8
 216 006b 04       		.uleb128 0x4
 217 006c 48010000 		.4byte	.LASF12
 218 0070 02       		.byte	0x2
 219 0071 9801     		.2byte	0x198
 220 0073 2C000000 		.4byte	0x2c
 221 0077 02       		.uleb128 0x2
 222 0078 04       		.byte	0x4
 223 0079 04       		.byte	0x4
 224 007a 43000000 		.4byte	.LASF9
 225 007e 02       		.uleb128 0x2
 226 007f 08       		.byte	0x8
 227 0080 04       		.byte	0x4
 228 0081 61010000 		.4byte	.LASF10
 229 0085 02       		.uleb128 0x2
 230 0086 01       		.byte	0x1
 231 0087 08       		.byte	0x8
 232 0088 C2010000 		.4byte	.LASF11
 233 008c 04       		.uleb128 0x4
 234 008d 13010000 		.4byte	.LASF13
 235 0091 02       		.byte	0x2
 236 0092 4202     		.2byte	0x242
 237 0094 98000000 		.4byte	0x98
 238 0098 05       		.uleb128 0x5
 239 0099 6B000000 		.4byte	0x6b
 240 009d 02       		.uleb128 0x2
 241 009e 04       		.byte	0x4
 242 009f 07       		.byte	0x7
 243 00a0 AB010000 		.4byte	.LASF14
 244 00a4 06       		.uleb128 0x6
 245 00a5 01       		.byte	0x1
 246 00a6 03       		.byte	0x3
 247 00a7 3D       		.byte	0x3d
 248 00a8 B9000000 		.4byte	0xb9
 249 00ac 07       		.uleb128 0x7
 250 00ad 0D020000 		.4byte	.LASF28
 251 00b1 03       		.byte	0x3
 252 00b2 3F       		.byte	0x3f
ARM GAS  C:\Users\g\AppData\Local\Temp\ccV0EzHp.s 			page 8


 253 00b3 6B000000 		.4byte	0x6b
 254 00b7 00       		.byte	0
 255 00b8 00       		.byte	0
 256 00b9 08       		.uleb128 0x8
 257 00ba 4E010000 		.4byte	.LASF15
 258 00be 03       		.byte	0x3
 259 00bf 40       		.byte	0x40
 260 00c0 A4000000 		.4byte	0xa4
 261 00c4 09       		.uleb128 0x9
 262 00c5 33000000 		.4byte	.LASF16
 263 00c9 01       		.byte	0x1
 264 00ca 25       		.byte	0x25
 265 00cb 00000000 		.4byte	.LFB0
 266 00cf 08000000 		.4byte	.LFE0-.LFB0
 267 00d3 01       		.uleb128 0x1
 268 00d4 9C       		.byte	0x9c
 269 00d5 E3000000 		.4byte	0xe3
 270 00d9 0A       		.uleb128 0xa
 271 00da 06000000 		.4byte	.LVL0
 272 00de 6C010000 		.4byte	0x16c
 273 00e2 00       		.byte	0
 274 00e3 09       		.uleb128 0x9
 275 00e4 68010000 		.4byte	.LASF17
 276 00e8 01       		.byte	0x1
 277 00e9 3F       		.byte	0x3f
 278 00ea 00000000 		.4byte	.LFB1
 279 00ee 08000000 		.4byte	.LFE1-.LFB1
 280 00f2 01       		.uleb128 0x1
 281 00f3 9C       		.byte	0x9c
 282 00f4 02010000 		.4byte	0x102
 283 00f8 0A       		.uleb128 0xa
 284 00f9 06000000 		.4byte	.LVL1
 285 00fd 73010000 		.4byte	0x173
 286 0101 00       		.byte	0
 287 0102 09       		.uleb128 0x9
 288 0103 3E020000 		.4byte	.LASF18
 289 0107 01       		.byte	0x1
 290 0108 60       		.byte	0x60
 291 0109 00000000 		.4byte	.LFB2
 292 010d 2C000000 		.4byte	.LFE2-.LFB2
 293 0111 01       		.uleb128 0x1
 294 0112 9C       		.byte	0x9c
 295 0113 2A010000 		.4byte	0x12a
 296 0117 0A       		.uleb128 0xa
 297 0118 1C000000 		.4byte	.LVL2
 298 011c 7A010000 		.4byte	0x17a
 299 0120 0A       		.uleb128 0xa
 300 0121 20000000 		.4byte	.LVL3
 301 0125 C4000000 		.4byte	0xc4
 302 0129 00       		.byte	0
 303 012a 09       		.uleb128 0x9
 304 012b C7010000 		.4byte	.LASF19
 305 012f 01       		.byte	0x1
 306 0130 81       		.byte	0x81
 307 0131 00000000 		.4byte	.LFB3
 308 0135 1C000000 		.4byte	.LFE3-.LFB3
 309 0139 01       		.uleb128 0x1
ARM GAS  C:\Users\g\AppData\Local\Temp\ccV0EzHp.s 			page 9


 310 013a 9C       		.byte	0x9c
 311 013b 5B010000 		.4byte	0x15b
 312 013f 0A       		.uleb128 0xa
 313 0140 06000000 		.4byte	.LVL4
 314 0144 E3000000 		.4byte	0xe3
 315 0148 0A       		.uleb128 0xa
 316 0149 12000000 		.4byte	.LVL5
 317 014d 81010000 		.4byte	0x181
 318 0151 0A       		.uleb128 0xa
 319 0152 16000000 		.4byte	.LVL6
 320 0156 88010000 		.4byte	0x188
 321 015a 00       		.byte	0
 322 015b 0B       		.uleb128 0xb
 323 015c 9F010000 		.4byte	.LASF29
 324 0160 01       		.byte	0x1
 325 0161 15       		.byte	0x15
 326 0162 B9000000 		.4byte	0xb9
 327 0166 05       		.uleb128 0x5
 328 0167 03       		.byte	0x3
 329 0168 00000000 		.4byte	QDEC_backup
 330 016c 0C       		.uleb128 0xc
 331 016d 00000000 		.4byte	.LASF20
 332 0171 04       		.byte	0x4
 333 0172 72       		.byte	0x72
 334 0173 0C       		.uleb128 0xc
 335 0174 19020000 		.4byte	.LASF21
 336 0178 04       		.byte	0x4
 337 0179 73       		.byte	0x73
 338 017a 0C       		.uleb128 0xc
 339 017b 16000000 		.4byte	.LASF22
 340 017f 03       		.byte	0x3
 341 0180 49       		.byte	0x49
 342 0181 0C       		.uleb128 0xc
 343 0182 24010000 		.4byte	.LASF23
 344 0186 04       		.byte	0x4
 345 0187 71       		.byte	0x71
 346 0188 0C       		.uleb128 0xc
 347 0189 18010000 		.4byte	.LASF24
 348 018d 03       		.byte	0x3
 349 018e 4A       		.byte	0x4a
 350 018f 00       		.byte	0
 351              		.section	.debug_abbrev,"",%progbits
 352              	.Ldebug_abbrev0:
 353 0000 01       		.uleb128 0x1
 354 0001 11       		.uleb128 0x11
 355 0002 01       		.byte	0x1
 356 0003 25       		.uleb128 0x25
 357 0004 0E       		.uleb128 0xe
 358 0005 13       		.uleb128 0x13
 359 0006 0B       		.uleb128 0xb
 360 0007 03       		.uleb128 0x3
 361 0008 0E       		.uleb128 0xe
 362 0009 1B       		.uleb128 0x1b
 363 000a 0E       		.uleb128 0xe
 364 000b 55       		.uleb128 0x55
 365 000c 17       		.uleb128 0x17
 366 000d 11       		.uleb128 0x11
ARM GAS  C:\Users\g\AppData\Local\Temp\ccV0EzHp.s 			page 10


 367 000e 01       		.uleb128 0x1
 368 000f 10       		.uleb128 0x10
 369 0010 17       		.uleb128 0x17
 370 0011 00       		.byte	0
 371 0012 00       		.byte	0
 372 0013 02       		.uleb128 0x2
 373 0014 24       		.uleb128 0x24
 374 0015 00       		.byte	0
 375 0016 0B       		.uleb128 0xb
 376 0017 0B       		.uleb128 0xb
 377 0018 3E       		.uleb128 0x3e
 378 0019 0B       		.uleb128 0xb
 379 001a 03       		.uleb128 0x3
 380 001b 0E       		.uleb128 0xe
 381 001c 00       		.byte	0
 382 001d 00       		.byte	0
 383 001e 03       		.uleb128 0x3
 384 001f 24       		.uleb128 0x24
 385 0020 00       		.byte	0
 386 0021 0B       		.uleb128 0xb
 387 0022 0B       		.uleb128 0xb
 388 0023 3E       		.uleb128 0x3e
 389 0024 0B       		.uleb128 0xb
 390 0025 03       		.uleb128 0x3
 391 0026 08       		.uleb128 0x8
 392 0027 00       		.byte	0
 393 0028 00       		.byte	0
 394 0029 04       		.uleb128 0x4
 395 002a 16       		.uleb128 0x16
 396 002b 00       		.byte	0
 397 002c 03       		.uleb128 0x3
 398 002d 0E       		.uleb128 0xe
 399 002e 3A       		.uleb128 0x3a
 400 002f 0B       		.uleb128 0xb
 401 0030 3B       		.uleb128 0x3b
 402 0031 05       		.uleb128 0x5
 403 0032 49       		.uleb128 0x49
 404 0033 13       		.uleb128 0x13
 405 0034 00       		.byte	0
 406 0035 00       		.byte	0
 407 0036 05       		.uleb128 0x5
 408 0037 35       		.uleb128 0x35
 409 0038 00       		.byte	0
 410 0039 49       		.uleb128 0x49
 411 003a 13       		.uleb128 0x13
 412 003b 00       		.byte	0
 413 003c 00       		.byte	0
 414 003d 06       		.uleb128 0x6
 415 003e 13       		.uleb128 0x13
 416 003f 01       		.byte	0x1
 417 0040 0B       		.uleb128 0xb
 418 0041 0B       		.uleb128 0xb
 419 0042 3A       		.uleb128 0x3a
 420 0043 0B       		.uleb128 0xb
 421 0044 3B       		.uleb128 0x3b
 422 0045 0B       		.uleb128 0xb
 423 0046 01       		.uleb128 0x1
ARM GAS  C:\Users\g\AppData\Local\Temp\ccV0EzHp.s 			page 11


 424 0047 13       		.uleb128 0x13
 425 0048 00       		.byte	0
 426 0049 00       		.byte	0
 427 004a 07       		.uleb128 0x7
 428 004b 0D       		.uleb128 0xd
 429 004c 00       		.byte	0
 430 004d 03       		.uleb128 0x3
 431 004e 0E       		.uleb128 0xe
 432 004f 3A       		.uleb128 0x3a
 433 0050 0B       		.uleb128 0xb
 434 0051 3B       		.uleb128 0x3b
 435 0052 0B       		.uleb128 0xb
 436 0053 49       		.uleb128 0x49
 437 0054 13       		.uleb128 0x13
 438 0055 38       		.uleb128 0x38
 439 0056 0B       		.uleb128 0xb
 440 0057 00       		.byte	0
 441 0058 00       		.byte	0
 442 0059 08       		.uleb128 0x8
 443 005a 16       		.uleb128 0x16
 444 005b 00       		.byte	0
 445 005c 03       		.uleb128 0x3
 446 005d 0E       		.uleb128 0xe
 447 005e 3A       		.uleb128 0x3a
 448 005f 0B       		.uleb128 0xb
 449 0060 3B       		.uleb128 0x3b
 450 0061 0B       		.uleb128 0xb
 451 0062 49       		.uleb128 0x49
 452 0063 13       		.uleb128 0x13
 453 0064 00       		.byte	0
 454 0065 00       		.byte	0
 455 0066 09       		.uleb128 0x9
 456 0067 2E       		.uleb128 0x2e
 457 0068 01       		.byte	0x1
 458 0069 3F       		.uleb128 0x3f
 459 006a 19       		.uleb128 0x19
 460 006b 03       		.uleb128 0x3
 461 006c 0E       		.uleb128 0xe
 462 006d 3A       		.uleb128 0x3a
 463 006e 0B       		.uleb128 0xb
 464 006f 3B       		.uleb128 0x3b
 465 0070 0B       		.uleb128 0xb
 466 0071 27       		.uleb128 0x27
 467 0072 19       		.uleb128 0x19
 468 0073 11       		.uleb128 0x11
 469 0074 01       		.uleb128 0x1
 470 0075 12       		.uleb128 0x12
 471 0076 06       		.uleb128 0x6
 472 0077 40       		.uleb128 0x40
 473 0078 18       		.uleb128 0x18
 474 0079 9742     		.uleb128 0x2117
 475 007b 19       		.uleb128 0x19
 476 007c 01       		.uleb128 0x1
 477 007d 13       		.uleb128 0x13
 478 007e 00       		.byte	0
 479 007f 00       		.byte	0
 480 0080 0A       		.uleb128 0xa
ARM GAS  C:\Users\g\AppData\Local\Temp\ccV0EzHp.s 			page 12


 481 0081 898201   		.uleb128 0x4109
 482 0084 00       		.byte	0
 483 0085 11       		.uleb128 0x11
 484 0086 01       		.uleb128 0x1
 485 0087 31       		.uleb128 0x31
 486 0088 13       		.uleb128 0x13
 487 0089 00       		.byte	0
 488 008a 00       		.byte	0
 489 008b 0B       		.uleb128 0xb
 490 008c 34       		.uleb128 0x34
 491 008d 00       		.byte	0
 492 008e 03       		.uleb128 0x3
 493 008f 0E       		.uleb128 0xe
 494 0090 3A       		.uleb128 0x3a
 495 0091 0B       		.uleb128 0xb
 496 0092 3B       		.uleb128 0x3b
 497 0093 0B       		.uleb128 0xb
 498 0094 49       		.uleb128 0x49
 499 0095 13       		.uleb128 0x13
 500 0096 02       		.uleb128 0x2
 501 0097 18       		.uleb128 0x18
 502 0098 00       		.byte	0
 503 0099 00       		.byte	0
 504 009a 0C       		.uleb128 0xc
 505 009b 2E       		.uleb128 0x2e
 506 009c 00       		.byte	0
 507 009d 3F       		.uleb128 0x3f
 508 009e 19       		.uleb128 0x19
 509 009f 03       		.uleb128 0x3
 510 00a0 0E       		.uleb128 0xe
 511 00a1 3A       		.uleb128 0x3a
 512 00a2 0B       		.uleb128 0xb
 513 00a3 3B       		.uleb128 0x3b
 514 00a4 0B       		.uleb128 0xb
 515 00a5 27       		.uleb128 0x27
 516 00a6 19       		.uleb128 0x19
 517 00a7 3C       		.uleb128 0x3c
 518 00a8 19       		.uleb128 0x19
 519 00a9 00       		.byte	0
 520 00aa 00       		.byte	0
 521 00ab 00       		.byte	0
 522              		.section	.debug_aranges,"",%progbits
 523 0000 34000000 		.4byte	0x34
 524 0004 0200     		.2byte	0x2
 525 0006 00000000 		.4byte	.Ldebug_info0
 526 000a 04       		.byte	0x4
 527 000b 00       		.byte	0
 528 000c 0000     		.2byte	0
 529 000e 0000     		.2byte	0
 530 0010 00000000 		.4byte	.LFB0
 531 0014 08000000 		.4byte	.LFE0-.LFB0
 532 0018 00000000 		.4byte	.LFB1
 533 001c 08000000 		.4byte	.LFE1-.LFB1
 534 0020 00000000 		.4byte	.LFB2
 535 0024 2C000000 		.4byte	.LFE2-.LFB2
 536 0028 00000000 		.4byte	.LFB3
 537 002c 1C000000 		.4byte	.LFE3-.LFB3
ARM GAS  C:\Users\g\AppData\Local\Temp\ccV0EzHp.s 			page 13


 538 0030 00000000 		.4byte	0
 539 0034 00000000 		.4byte	0
 540              		.section	.debug_ranges,"",%progbits
 541              	.Ldebug_ranges0:
 542 0000 00000000 		.4byte	.LFB0
 543 0004 08000000 		.4byte	.LFE0
 544 0008 00000000 		.4byte	.LFB1
 545 000c 08000000 		.4byte	.LFE1
 546 0010 00000000 		.4byte	.LFB2
 547 0014 2C000000 		.4byte	.LFE2
 548 0018 00000000 		.4byte	.LFB3
 549 001c 1C000000 		.4byte	.LFE3
 550 0020 00000000 		.4byte	0
 551 0024 00000000 		.4byte	0
 552              		.section	.debug_line,"",%progbits
 553              	.Ldebug_line0:
 554 0000 B3000000 		.section	.debug_str,"MS",%progbits,1
 554      02006000 
 554      00000201 
 554      FB0E0D00 
 554      01010101 
 555              	.LASF20:
 556 0000 51444543 		.ascii	"QDEC_Cnt16_SaveConfig\000"
 556      5F436E74 
 556      31365F53 
 556      61766543 
 556      6F6E6669 
 557              	.LASF22:
 558 0016 51444543 		.ascii	"QDEC_Stop\000"
 558      5F53746F 
 558      7000
 559              	.LASF3:
 560 0020 73686F72 		.ascii	"short unsigned int\000"
 560      7420756E 
 560      7369676E 
 560      65642069 
 560      6E7400
 561              	.LASF16:
 562 0033 51444543 		.ascii	"QDEC_SaveConfig\000"
 562      5F536176 
 562      65436F6E 
 562      66696700 
 563              	.LASF9:
 564 0043 666C6F61 		.ascii	"float\000"
 564      7400
 565              	.LASF25:
 566 0049 474E5520 		.ascii	"GNU C 4.9.3 20150303 (release) [ARM/embedded-4_9-br"
 566      4320342E 
 566      392E3320 
 566      32303135 
 566      30333033 
 567 007c 616E6368 		.ascii	"anch revision 221220] -mcpu=cortex-m0 -mthumb -g -O"
 567      20726576 
 567      6973696F 
 567      6E203232 
 567      31323230 
 568 00af 67202D73 		.ascii	"g -std=gnu99 -ffunction-sections -ffat-lto-objects\000"
ARM GAS  C:\Users\g\AppData\Local\Temp\ccV0EzHp.s 			page 14


 568      74643D67 
 568      6E753939 
 568      202D6666 
 568      756E6374 
 569              	.LASF1:
 570 00e2 756E7369 		.ascii	"unsigned char\000"
 570      676E6564 
 570      20636861 
 570      7200
 571              	.LASF26:
 572 00f0 2E5C4765 		.ascii	".\\Generated_Source\\PSoC4\\QDEC_PM.c\000"
 572      6E657261 
 572      7465645F 
 572      536F7572 
 572      63655C50 
 573              	.LASF13:
 574 0113 72656738 		.ascii	"reg8\000"
 574      00
 575              	.LASF24:
 576 0118 51444543 		.ascii	"QDEC_Enable\000"
 576      5F456E61 
 576      626C6500 
 577              	.LASF23:
 578 0124 51444543 		.ascii	"QDEC_Cnt16_Enable\000"
 578      5F436E74 
 578      31365F45 
 578      6E61626C 
 578      6500
 579              	.LASF5:
 580 0136 6C6F6E67 		.ascii	"long unsigned int\000"
 580      20756E73 
 580      69676E65 
 580      6420696E 
 580      7400
 581              	.LASF12:
 582 0148 75696E74 		.ascii	"uint8\000"
 582      3800
 583              	.LASF15:
 584 014e 51444543 		.ascii	"QDEC_BACKUP_STRUCT\000"
 584      5F424143 
 584      4B55505F 
 584      53545255 
 584      435400
 585              	.LASF10:
 586 0161 646F7562 		.ascii	"double\000"
 586      6C6500
 587              	.LASF17:
 588 0168 51444543 		.ascii	"QDEC_RestoreConfig\000"
 588      5F526573 
 588      746F7265 
 588      436F6E66 
 588      696700
 589              	.LASF8:
 590 017b 756E7369 		.ascii	"unsigned int\000"
 590      676E6564 
 590      20696E74 
 590      00
ARM GAS  C:\Users\g\AppData\Local\Temp\ccV0EzHp.s 			page 15


 591              	.LASF7:
 592 0188 6C6F6E67 		.ascii	"long long unsigned int\000"
 592      206C6F6E 
 592      6720756E 
 592      7369676E 
 592      65642069 
 593              	.LASF29:
 594 019f 51444543 		.ascii	"QDEC_backup\000"
 594      5F626163 
 594      6B757000 
 595              	.LASF14:
 596 01ab 73697A65 		.ascii	"sizetype\000"
 596      74797065 
 596      00
 597              	.LASF6:
 598 01b4 6C6F6E67 		.ascii	"long long int\000"
 598      206C6F6E 
 598      6720696E 
 598      7400
 599              	.LASF11:
 600 01c2 63686172 		.ascii	"char\000"
 600      00
 601              	.LASF19:
 602 01c7 51444543 		.ascii	"QDEC_Wakeup\000"
 602      5F57616B 
 602      65757000 
 603              	.LASF2:
 604 01d3 73686F72 		.ascii	"short int\000"
 604      7420696E 
 604      7400
 605              	.LASF27:
 606 01dd 443A5C63 		.ascii	"D:\\code\\cypress\\controllers\\bldc.cydsn\000"
 606      6F64655C 
 606      63797072 
 606      6573735C 
 606      636F6E74 
 607              	.LASF4:
 608 0204 6C6F6E67 		.ascii	"long int\000"
 608      20696E74 
 608      00
 609              	.LASF28:
 610 020d 656E6162 		.ascii	"enableState\000"
 610      6C655374 
 610      61746500 
 611              	.LASF21:
 612 0219 51444543 		.ascii	"QDEC_Cnt16_RestoreConfig\000"
 612      5F436E74 
 612      31365F52 
 612      6573746F 
 612      7265436F 
 613              	.LASF0:
 614 0232 7369676E 		.ascii	"signed char\000"
 614      65642063 
 614      68617200 
 615              	.LASF18:
 616 023e 51444543 		.ascii	"QDEC_Sleep\000"
 616      5F536C65 
ARM GAS  C:\Users\g\AppData\Local\Temp\ccV0EzHp.s 			page 16


 616      657000
 617              		.ident	"GCC: (GNU Tools for ARM Embedded Processors) 4.9.3 20150303 (release) [ARM/embedded-4_9-br
