ARM GAS  C:\Users\g\AppData\Local\Temp\ccLTdTPg.s 			page 1


   1              		.cpu cortex-m0
   2              		.fpu softvfp
   3              		.eabi_attribute 20, 1
   4              		.eabi_attribute 21, 1
   5              		.eabi_attribute 23, 3
   6              		.eabi_attribute 24, 1
   7              		.eabi_attribute 25, 1
   8              		.eabi_attribute 26, 1
   9              		.eabi_attribute 30, 1
  10              		.eabi_attribute 34, 0
  11              		.eabi_attribute 18, 4
  12              		.code	16
  13              		.file	"stepISR.c"
  14              		.text
  15              	.Ltext0:
  16              		.cfi_sections	.debug_frame
  17              		.section	.text.stepISR_Interrupt,"ax",%progbits
  18              		.align	2
  19              		.global	stepISR_Interrupt
  20              		.code	16
  21              		.thumb_func
  22              		.type	stepISR_Interrupt, %function
  23              	stepISR_Interrupt:
  24              	.LFB3:
  25              		.file 1 ".\\Generated_Source\\PSoC4\\stepISR.c"
   1:.\Generated_Source\PSoC4/stepISR.c **** /*******************************************************************************
   2:.\Generated_Source\PSoC4/stepISR.c **** * File Name: stepISR.c  
   3:.\Generated_Source\PSoC4/stepISR.c **** * Version 1.70
   4:.\Generated_Source\PSoC4/stepISR.c **** *
   5:.\Generated_Source\PSoC4/stepISR.c **** *  Description:
   6:.\Generated_Source\PSoC4/stepISR.c **** *   API for controlling the state of an interrupt.
   7:.\Generated_Source\PSoC4/stepISR.c **** *
   8:.\Generated_Source\PSoC4/stepISR.c **** *
   9:.\Generated_Source\PSoC4/stepISR.c **** *  Note:
  10:.\Generated_Source\PSoC4/stepISR.c **** *
  11:.\Generated_Source\PSoC4/stepISR.c **** ********************************************************************************
  12:.\Generated_Source\PSoC4/stepISR.c **** * Copyright 2008-2015, Cypress Semiconductor Corporation.  All rights reserved.
  13:.\Generated_Source\PSoC4/stepISR.c **** * You may use this file only in accordance with the license, terms, conditions, 
  14:.\Generated_Source\PSoC4/stepISR.c **** * disclaimers, and limitations in the end user license agreement accompanying 
  15:.\Generated_Source\PSoC4/stepISR.c **** * the software package with which this file was provided.
  16:.\Generated_Source\PSoC4/stepISR.c **** *******************************************************************************/
  17:.\Generated_Source\PSoC4/stepISR.c **** 
  18:.\Generated_Source\PSoC4/stepISR.c **** 
  19:.\Generated_Source\PSoC4/stepISR.c **** #include <cydevice_trm.h>
  20:.\Generated_Source\PSoC4/stepISR.c **** #include <CyLib.h>
  21:.\Generated_Source\PSoC4/stepISR.c **** #include <stepISR.h>
  22:.\Generated_Source\PSoC4/stepISR.c **** #include "cyapicallbacks.h"
  23:.\Generated_Source\PSoC4/stepISR.c **** 
  24:.\Generated_Source\PSoC4/stepISR.c **** #if !defined(stepISR__REMOVED) /* Check for removal by optimization */
  25:.\Generated_Source\PSoC4/stepISR.c **** 
  26:.\Generated_Source\PSoC4/stepISR.c **** /*******************************************************************************
  27:.\Generated_Source\PSoC4/stepISR.c **** *  Place your includes, defines and code here 
  28:.\Generated_Source\PSoC4/stepISR.c **** ********************************************************************************/
  29:.\Generated_Source\PSoC4/stepISR.c **** /* `#START stepISR_intc` */
  30:.\Generated_Source\PSoC4/stepISR.c **** 
  31:.\Generated_Source\PSoC4/stepISR.c **** /* `#END` */
  32:.\Generated_Source\PSoC4/stepISR.c **** 
ARM GAS  C:\Users\g\AppData\Local\Temp\ccLTdTPg.s 			page 2


  33:.\Generated_Source\PSoC4/stepISR.c **** extern cyisraddress CyRamVectors[CYINT_IRQ_BASE + CY_NUM_INTERRUPTS];
  34:.\Generated_Source\PSoC4/stepISR.c **** 
  35:.\Generated_Source\PSoC4/stepISR.c **** /* Declared in startup, used to set unused interrupts to. */
  36:.\Generated_Source\PSoC4/stepISR.c **** CY_ISR_PROTO(IntDefaultHandler);
  37:.\Generated_Source\PSoC4/stepISR.c **** 
  38:.\Generated_Source\PSoC4/stepISR.c **** 
  39:.\Generated_Source\PSoC4/stepISR.c **** /*******************************************************************************
  40:.\Generated_Source\PSoC4/stepISR.c **** * Function Name: stepISR_Start
  41:.\Generated_Source\PSoC4/stepISR.c **** ********************************************************************************
  42:.\Generated_Source\PSoC4/stepISR.c **** *
  43:.\Generated_Source\PSoC4/stepISR.c **** * Summary:
  44:.\Generated_Source\PSoC4/stepISR.c **** *  Set up the interrupt and enable it. This function disables the interrupt, 
  45:.\Generated_Source\PSoC4/stepISR.c **** *  sets the default interrupt vector, sets the priority from the value in the
  46:.\Generated_Source\PSoC4/stepISR.c **** *  Design Wide Resources Interrupt Editor, then enables the interrupt to the 
  47:.\Generated_Source\PSoC4/stepISR.c **** *  interrupt controller.
  48:.\Generated_Source\PSoC4/stepISR.c **** *
  49:.\Generated_Source\PSoC4/stepISR.c **** * Parameters:  
  50:.\Generated_Source\PSoC4/stepISR.c **** *   None
  51:.\Generated_Source\PSoC4/stepISR.c **** *
  52:.\Generated_Source\PSoC4/stepISR.c **** * Return:
  53:.\Generated_Source\PSoC4/stepISR.c **** *   None
  54:.\Generated_Source\PSoC4/stepISR.c **** *
  55:.\Generated_Source\PSoC4/stepISR.c **** *******************************************************************************/
  56:.\Generated_Source\PSoC4/stepISR.c **** void stepISR_Start(void)
  57:.\Generated_Source\PSoC4/stepISR.c **** {
  58:.\Generated_Source\PSoC4/stepISR.c ****     /* For all we know the interrupt is active. */
  59:.\Generated_Source\PSoC4/stepISR.c ****     stepISR_Disable();
  60:.\Generated_Source\PSoC4/stepISR.c **** 
  61:.\Generated_Source\PSoC4/stepISR.c ****     /* Set the ISR to point to the stepISR Interrupt. */
  62:.\Generated_Source\PSoC4/stepISR.c ****     stepISR_SetVector(&stepISR_Interrupt);
  63:.\Generated_Source\PSoC4/stepISR.c **** 
  64:.\Generated_Source\PSoC4/stepISR.c ****     /* Set the priority. */
  65:.\Generated_Source\PSoC4/stepISR.c ****     stepISR_SetPriority((uint8)stepISR_INTC_PRIOR_NUMBER);
  66:.\Generated_Source\PSoC4/stepISR.c **** 
  67:.\Generated_Source\PSoC4/stepISR.c ****     /* Enable it. */
  68:.\Generated_Source\PSoC4/stepISR.c ****     stepISR_Enable();
  69:.\Generated_Source\PSoC4/stepISR.c **** }
  70:.\Generated_Source\PSoC4/stepISR.c **** 
  71:.\Generated_Source\PSoC4/stepISR.c **** 
  72:.\Generated_Source\PSoC4/stepISR.c **** /*******************************************************************************
  73:.\Generated_Source\PSoC4/stepISR.c **** * Function Name: stepISR_StartEx
  74:.\Generated_Source\PSoC4/stepISR.c **** ********************************************************************************
  75:.\Generated_Source\PSoC4/stepISR.c **** *
  76:.\Generated_Source\PSoC4/stepISR.c **** * Summary:
  77:.\Generated_Source\PSoC4/stepISR.c **** *  Sets up the interrupt and enables it. This function disables the interrupt,
  78:.\Generated_Source\PSoC4/stepISR.c **** *  sets the interrupt vector based on the address passed in, sets the priority 
  79:.\Generated_Source\PSoC4/stepISR.c **** *  from the value in the Design Wide Resources Interrupt Editor, then enables 
  80:.\Generated_Source\PSoC4/stepISR.c **** *  the interrupt to the interrupt controller.
  81:.\Generated_Source\PSoC4/stepISR.c **** *  
  82:.\Generated_Source\PSoC4/stepISR.c **** *  When defining ISR functions, the CY_ISR and CY_ISR_PROTO macros should be 
  83:.\Generated_Source\PSoC4/stepISR.c **** *  used to provide consistent definition across compilers:
  84:.\Generated_Source\PSoC4/stepISR.c **** *  
  85:.\Generated_Source\PSoC4/stepISR.c **** *  Function definition example:
  86:.\Generated_Source\PSoC4/stepISR.c **** *   CY_ISR(MyISR)
  87:.\Generated_Source\PSoC4/stepISR.c **** *   {
  88:.\Generated_Source\PSoC4/stepISR.c **** *   }
  89:.\Generated_Source\PSoC4/stepISR.c **** *   Function prototype example:
ARM GAS  C:\Users\g\AppData\Local\Temp\ccLTdTPg.s 			page 3


  90:.\Generated_Source\PSoC4/stepISR.c **** *   CY_ISR_PROTO(MyISR);
  91:.\Generated_Source\PSoC4/stepISR.c **** *
  92:.\Generated_Source\PSoC4/stepISR.c **** * Parameters:  
  93:.\Generated_Source\PSoC4/stepISR.c **** *   address: Address of the ISR to set in the interrupt vector table.
  94:.\Generated_Source\PSoC4/stepISR.c **** *
  95:.\Generated_Source\PSoC4/stepISR.c **** * Return:
  96:.\Generated_Source\PSoC4/stepISR.c **** *   None
  97:.\Generated_Source\PSoC4/stepISR.c **** *
  98:.\Generated_Source\PSoC4/stepISR.c **** *******************************************************************************/
  99:.\Generated_Source\PSoC4/stepISR.c **** void stepISR_StartEx(cyisraddress address)
 100:.\Generated_Source\PSoC4/stepISR.c **** {
 101:.\Generated_Source\PSoC4/stepISR.c ****     /* For all we know the interrupt is active. */
 102:.\Generated_Source\PSoC4/stepISR.c ****     stepISR_Disable();
 103:.\Generated_Source\PSoC4/stepISR.c **** 
 104:.\Generated_Source\PSoC4/stepISR.c ****     /* Set the ISR to point to the stepISR Interrupt. */
 105:.\Generated_Source\PSoC4/stepISR.c ****     stepISR_SetVector(address);
 106:.\Generated_Source\PSoC4/stepISR.c **** 
 107:.\Generated_Source\PSoC4/stepISR.c ****     /* Set the priority. */
 108:.\Generated_Source\PSoC4/stepISR.c ****     stepISR_SetPriority((uint8)stepISR_INTC_PRIOR_NUMBER);
 109:.\Generated_Source\PSoC4/stepISR.c **** 
 110:.\Generated_Source\PSoC4/stepISR.c ****     /* Enable it. */
 111:.\Generated_Source\PSoC4/stepISR.c ****     stepISR_Enable();
 112:.\Generated_Source\PSoC4/stepISR.c **** }
 113:.\Generated_Source\PSoC4/stepISR.c **** 
 114:.\Generated_Source\PSoC4/stepISR.c **** 
 115:.\Generated_Source\PSoC4/stepISR.c **** /*******************************************************************************
 116:.\Generated_Source\PSoC4/stepISR.c **** * Function Name: stepISR_Stop
 117:.\Generated_Source\PSoC4/stepISR.c **** ********************************************************************************
 118:.\Generated_Source\PSoC4/stepISR.c **** *
 119:.\Generated_Source\PSoC4/stepISR.c **** * Summary:
 120:.\Generated_Source\PSoC4/stepISR.c **** *   Disables and removes the interrupt.
 121:.\Generated_Source\PSoC4/stepISR.c **** *
 122:.\Generated_Source\PSoC4/stepISR.c **** * Parameters:  
 123:.\Generated_Source\PSoC4/stepISR.c **** *   None
 124:.\Generated_Source\PSoC4/stepISR.c **** *
 125:.\Generated_Source\PSoC4/stepISR.c **** * Return:
 126:.\Generated_Source\PSoC4/stepISR.c **** *   None
 127:.\Generated_Source\PSoC4/stepISR.c **** *
 128:.\Generated_Source\PSoC4/stepISR.c **** *******************************************************************************/
 129:.\Generated_Source\PSoC4/stepISR.c **** void stepISR_Stop(void)
 130:.\Generated_Source\PSoC4/stepISR.c **** {
 131:.\Generated_Source\PSoC4/stepISR.c ****     /* Disable this interrupt. */
 132:.\Generated_Source\PSoC4/stepISR.c ****     stepISR_Disable();
 133:.\Generated_Source\PSoC4/stepISR.c **** 
 134:.\Generated_Source\PSoC4/stepISR.c ****     /* Set the ISR to point to the passive one. */
 135:.\Generated_Source\PSoC4/stepISR.c ****     stepISR_SetVector(&IntDefaultHandler);
 136:.\Generated_Source\PSoC4/stepISR.c **** }
 137:.\Generated_Source\PSoC4/stepISR.c **** 
 138:.\Generated_Source\PSoC4/stepISR.c **** 
 139:.\Generated_Source\PSoC4/stepISR.c **** /*******************************************************************************
 140:.\Generated_Source\PSoC4/stepISR.c **** * Function Name: stepISR_Interrupt
 141:.\Generated_Source\PSoC4/stepISR.c **** ********************************************************************************
 142:.\Generated_Source\PSoC4/stepISR.c **** *
 143:.\Generated_Source\PSoC4/stepISR.c **** * Summary:
 144:.\Generated_Source\PSoC4/stepISR.c **** *   The default Interrupt Service Routine for stepISR.
 145:.\Generated_Source\PSoC4/stepISR.c **** *
 146:.\Generated_Source\PSoC4/stepISR.c **** *   Add custom code between the START and END comments to keep the next version
ARM GAS  C:\Users\g\AppData\Local\Temp\ccLTdTPg.s 			page 4


 147:.\Generated_Source\PSoC4/stepISR.c **** *   of this file from over-writing your code.
 148:.\Generated_Source\PSoC4/stepISR.c **** *
 149:.\Generated_Source\PSoC4/stepISR.c **** *   Note You may use either the default ISR by using this API, or you may define
 150:.\Generated_Source\PSoC4/stepISR.c **** *   your own separate ISR through ISR_StartEx().
 151:.\Generated_Source\PSoC4/stepISR.c **** *
 152:.\Generated_Source\PSoC4/stepISR.c **** * Parameters:  
 153:.\Generated_Source\PSoC4/stepISR.c **** *   None
 154:.\Generated_Source\PSoC4/stepISR.c **** *
 155:.\Generated_Source\PSoC4/stepISR.c **** * Return:
 156:.\Generated_Source\PSoC4/stepISR.c **** *   None
 157:.\Generated_Source\PSoC4/stepISR.c **** *
 158:.\Generated_Source\PSoC4/stepISR.c **** *******************************************************************************/
 159:.\Generated_Source\PSoC4/stepISR.c **** CY_ISR(stepISR_Interrupt)
 160:.\Generated_Source\PSoC4/stepISR.c **** {
  26              		.loc 1 160 0
  27              		.cfi_startproc
 161:.\Generated_Source\PSoC4/stepISR.c ****     #ifdef stepISR_INTERRUPT_INTERRUPT_CALLBACK
 162:.\Generated_Source\PSoC4/stepISR.c ****         stepISR_Interrupt_InterruptCallback();
 163:.\Generated_Source\PSoC4/stepISR.c ****     #endif /* stepISR_INTERRUPT_INTERRUPT_CALLBACK */ 
 164:.\Generated_Source\PSoC4/stepISR.c **** 
 165:.\Generated_Source\PSoC4/stepISR.c ****     /*  Place your Interrupt code here. */
 166:.\Generated_Source\PSoC4/stepISR.c ****     /* `#START stepISR_Interrupt` */
 167:.\Generated_Source\PSoC4/stepISR.c **** 
 168:.\Generated_Source\PSoC4/stepISR.c ****     /* `#END` */
 169:.\Generated_Source\PSoC4/stepISR.c **** }
  28              		.loc 1 169 0
  29              		@ sp needed
  30 0000 7047     		bx	lr
  31              		.cfi_endproc
  32              	.LFE3:
  33              		.size	stepISR_Interrupt, .-stepISR_Interrupt
  34 0002 C046     		.section	.text.stepISR_SetVector,"ax",%progbits
  35              		.align	2
  36              		.global	stepISR_SetVector
  37              		.code	16
  38              		.thumb_func
  39              		.type	stepISR_SetVector, %function
  40              	stepISR_SetVector:
  41              	.LFB4:
 170:.\Generated_Source\PSoC4/stepISR.c **** 
 171:.\Generated_Source\PSoC4/stepISR.c **** 
 172:.\Generated_Source\PSoC4/stepISR.c **** /*******************************************************************************
 173:.\Generated_Source\PSoC4/stepISR.c **** * Function Name: stepISR_SetVector
 174:.\Generated_Source\PSoC4/stepISR.c **** ********************************************************************************
 175:.\Generated_Source\PSoC4/stepISR.c **** *
 176:.\Generated_Source\PSoC4/stepISR.c **** * Summary:
 177:.\Generated_Source\PSoC4/stepISR.c **** *   Change the ISR vector for the Interrupt. Note calling stepISR_Start
 178:.\Generated_Source\PSoC4/stepISR.c **** *   will override any effect this method would have had. To set the vector 
 179:.\Generated_Source\PSoC4/stepISR.c **** *   before the component has been started use stepISR_StartEx instead.
 180:.\Generated_Source\PSoC4/stepISR.c **** * 
 181:.\Generated_Source\PSoC4/stepISR.c **** *   When defining ISR functions, the CY_ISR and CY_ISR_PROTO macros should be 
 182:.\Generated_Source\PSoC4/stepISR.c **** *   used to provide consistent definition across compilers:
 183:.\Generated_Source\PSoC4/stepISR.c **** *
 184:.\Generated_Source\PSoC4/stepISR.c **** *   Function definition example:
 185:.\Generated_Source\PSoC4/stepISR.c **** *   CY_ISR(MyISR)
 186:.\Generated_Source\PSoC4/stepISR.c **** *   {
 187:.\Generated_Source\PSoC4/stepISR.c **** *   }
ARM GAS  C:\Users\g\AppData\Local\Temp\ccLTdTPg.s 			page 5


 188:.\Generated_Source\PSoC4/stepISR.c **** *
 189:.\Generated_Source\PSoC4/stepISR.c **** *   Function prototype example:
 190:.\Generated_Source\PSoC4/stepISR.c **** *     CY_ISR_PROTO(MyISR);
 191:.\Generated_Source\PSoC4/stepISR.c **** *
 192:.\Generated_Source\PSoC4/stepISR.c **** * Parameters:
 193:.\Generated_Source\PSoC4/stepISR.c **** *   address: Address of the ISR to set in the interrupt vector table.
 194:.\Generated_Source\PSoC4/stepISR.c **** *
 195:.\Generated_Source\PSoC4/stepISR.c **** * Return:
 196:.\Generated_Source\PSoC4/stepISR.c **** *   None
 197:.\Generated_Source\PSoC4/stepISR.c **** *
 198:.\Generated_Source\PSoC4/stepISR.c **** *******************************************************************************/
 199:.\Generated_Source\PSoC4/stepISR.c **** void stepISR_SetVector(cyisraddress address)
 200:.\Generated_Source\PSoC4/stepISR.c **** {
  42              		.loc 1 200 0
  43              		.cfi_startproc
  44              	.LVL0:
 201:.\Generated_Source\PSoC4/stepISR.c ****     CyRamVectors[CYINT_IRQ_BASE + stepISR__INTC_NUMBER] = address;
  45              		.loc 1 201 0
  46 0000 014B     		ldr	r3, .L3
  47 0002 1865     		str	r0, [r3, #80]
 202:.\Generated_Source\PSoC4/stepISR.c **** }
  48              		.loc 1 202 0
  49              		@ sp needed
  50 0004 7047     		bx	lr
  51              	.L4:
  52 0006 C046     		.align	2
  53              	.L3:
  54 0008 00000000 		.word	CyRamVectors
  55              		.cfi_endproc
  56              	.LFE4:
  57              		.size	stepISR_SetVector, .-stepISR_SetVector
  58              		.section	.text.stepISR_GetVector,"ax",%progbits
  59              		.align	2
  60              		.global	stepISR_GetVector
  61              		.code	16
  62              		.thumb_func
  63              		.type	stepISR_GetVector, %function
  64              	stepISR_GetVector:
  65              	.LFB5:
 203:.\Generated_Source\PSoC4/stepISR.c **** 
 204:.\Generated_Source\PSoC4/stepISR.c **** 
 205:.\Generated_Source\PSoC4/stepISR.c **** /*******************************************************************************
 206:.\Generated_Source\PSoC4/stepISR.c **** * Function Name: stepISR_GetVector
 207:.\Generated_Source\PSoC4/stepISR.c **** ********************************************************************************
 208:.\Generated_Source\PSoC4/stepISR.c **** *
 209:.\Generated_Source\PSoC4/stepISR.c **** * Summary:
 210:.\Generated_Source\PSoC4/stepISR.c **** *   Gets the "address" of the current ISR vector for the Interrupt.
 211:.\Generated_Source\PSoC4/stepISR.c **** *
 212:.\Generated_Source\PSoC4/stepISR.c **** * Parameters:
 213:.\Generated_Source\PSoC4/stepISR.c **** *   None
 214:.\Generated_Source\PSoC4/stepISR.c **** *
 215:.\Generated_Source\PSoC4/stepISR.c **** * Return:
 216:.\Generated_Source\PSoC4/stepISR.c **** *   Address of the ISR in the interrupt vector table.
 217:.\Generated_Source\PSoC4/stepISR.c **** *
 218:.\Generated_Source\PSoC4/stepISR.c **** *******************************************************************************/
 219:.\Generated_Source\PSoC4/stepISR.c **** cyisraddress stepISR_GetVector(void)
 220:.\Generated_Source\PSoC4/stepISR.c **** {
ARM GAS  C:\Users\g\AppData\Local\Temp\ccLTdTPg.s 			page 6


  66              		.loc 1 220 0
  67              		.cfi_startproc
 221:.\Generated_Source\PSoC4/stepISR.c ****     return CyRamVectors[CYINT_IRQ_BASE + stepISR__INTC_NUMBER];
  68              		.loc 1 221 0
  69 0000 014B     		ldr	r3, .L6
  70 0002 186D     		ldr	r0, [r3, #80]
 222:.\Generated_Source\PSoC4/stepISR.c **** }
  71              		.loc 1 222 0
  72              		@ sp needed
  73 0004 7047     		bx	lr
  74              	.L7:
  75 0006 C046     		.align	2
  76              	.L6:
  77 0008 00000000 		.word	CyRamVectors
  78              		.cfi_endproc
  79              	.LFE5:
  80              		.size	stepISR_GetVector, .-stepISR_GetVector
  81              		.section	.text.stepISR_SetPriority,"ax",%progbits
  82              		.align	2
  83              		.global	stepISR_SetPriority
  84              		.code	16
  85              		.thumb_func
  86              		.type	stepISR_SetPriority, %function
  87              	stepISR_SetPriority:
  88              	.LFB6:
 223:.\Generated_Source\PSoC4/stepISR.c **** 
 224:.\Generated_Source\PSoC4/stepISR.c **** 
 225:.\Generated_Source\PSoC4/stepISR.c **** /*******************************************************************************
 226:.\Generated_Source\PSoC4/stepISR.c **** * Function Name: stepISR_SetPriority
 227:.\Generated_Source\PSoC4/stepISR.c **** ********************************************************************************
 228:.\Generated_Source\PSoC4/stepISR.c **** *
 229:.\Generated_Source\PSoC4/stepISR.c **** * Summary:
 230:.\Generated_Source\PSoC4/stepISR.c **** *   Sets the Priority of the Interrupt. 
 231:.\Generated_Source\PSoC4/stepISR.c **** *
 232:.\Generated_Source\PSoC4/stepISR.c **** *   Note calling stepISR_Start or stepISR_StartEx will 
 233:.\Generated_Source\PSoC4/stepISR.c **** *   override any effect this API would have had. This API should only be called
 234:.\Generated_Source\PSoC4/stepISR.c **** *   after stepISR_Start or stepISR_StartEx has been called. 
 235:.\Generated_Source\PSoC4/stepISR.c **** *   To set the initial priority for the component, use the Design-Wide Resources
 236:.\Generated_Source\PSoC4/stepISR.c **** *   Interrupt Editor.
 237:.\Generated_Source\PSoC4/stepISR.c **** *
 238:.\Generated_Source\PSoC4/stepISR.c **** *   Note This API has no effect on Non-maskable interrupt NMI).
 239:.\Generated_Source\PSoC4/stepISR.c **** *
 240:.\Generated_Source\PSoC4/stepISR.c **** * Parameters:
 241:.\Generated_Source\PSoC4/stepISR.c **** *   priority: Priority of the interrupt, 0 being the highest priority
 242:.\Generated_Source\PSoC4/stepISR.c **** *             PSoC 3 and PSoC 5LP: Priority is from 0 to 7.
 243:.\Generated_Source\PSoC4/stepISR.c **** *             PSoC 4: Priority is from 0 to 3.
 244:.\Generated_Source\PSoC4/stepISR.c **** *
 245:.\Generated_Source\PSoC4/stepISR.c **** * Return:
 246:.\Generated_Source\PSoC4/stepISR.c **** *   None
 247:.\Generated_Source\PSoC4/stepISR.c **** *
 248:.\Generated_Source\PSoC4/stepISR.c **** *******************************************************************************/
 249:.\Generated_Source\PSoC4/stepISR.c **** void stepISR_SetPriority(uint8 priority)
 250:.\Generated_Source\PSoC4/stepISR.c **** {
  89              		.loc 1 250 0
  90              		.cfi_startproc
  91              	.LVL1:
  92 0000 10B5     		push	{r4, lr}
ARM GAS  C:\Users\g\AppData\Local\Temp\ccLTdTPg.s 			page 7


  93              		.cfi_def_cfa_offset 8
  94              		.cfi_offset 4, -8
  95              		.cfi_offset 14, -4
  96 0002 041C     		mov	r4, r0
  97              	.LVL2:
 251:.\Generated_Source\PSoC4/stepISR.c **** 	uint8 interruptState;
 252:.\Generated_Source\PSoC4/stepISR.c ****     uint32 priorityOffset = ((stepISR__INTC_NUMBER % 4u) * 8u) + 6u;
 253:.\Generated_Source\PSoC4/stepISR.c ****     
 254:.\Generated_Source\PSoC4/stepISR.c **** 	interruptState = CyEnterCriticalSection();
  98              		.loc 1 254 0
  99 0004 FFF7FEFF 		bl	CyEnterCriticalSection
 100              	.LVL3:
 255:.\Generated_Source\PSoC4/stepISR.c ****     *stepISR_INTC_PRIOR = (*stepISR_INTC_PRIOR & (uint32)(~stepISR__INTC_PRIOR_MASK)) |
 101              		.loc 1 255 0
 102 0008 044A     		ldr	r2, .L9
 103 000a 1368     		ldr	r3, [r2]
 104 000c C021     		mov	r1, #192
 105 000e 8B43     		bic	r3, r1
 256:.\Generated_Source\PSoC4/stepISR.c ****                                     ((uint32)priority << priorityOffset);
 106              		.loc 1 256 0
 107 0010 A401     		lsl	r4, r4, #6
 255:.\Generated_Source\PSoC4/stepISR.c ****     *stepISR_INTC_PRIOR = (*stepISR_INTC_PRIOR & (uint32)(~stepISR__INTC_PRIOR_MASK)) |
 108              		.loc 1 255 0
 109 0012 1C43     		orr	r4, r3
 110 0014 1460     		str	r4, [r2]
 257:.\Generated_Source\PSoC4/stepISR.c **** 	CyExitCriticalSection(interruptState);
 111              		.loc 1 257 0
 112 0016 FFF7FEFF 		bl	CyExitCriticalSection
 113              	.LVL4:
 258:.\Generated_Source\PSoC4/stepISR.c **** }
 114              		.loc 1 258 0
 115              		@ sp needed
 116 001a 10BD     		pop	{r4, pc}
 117              	.L10:
 118              		.align	2
 119              	.L9:
 120 001c 04E400E0 		.word	-536812540
 121              		.cfi_endproc
 122              	.LFE6:
 123              		.size	stepISR_SetPriority, .-stepISR_SetPriority
 124              		.section	.text.stepISR_GetPriority,"ax",%progbits
 125              		.align	2
 126              		.global	stepISR_GetPriority
 127              		.code	16
 128              		.thumb_func
 129              		.type	stepISR_GetPriority, %function
 130              	stepISR_GetPriority:
 131              	.LFB7:
 259:.\Generated_Source\PSoC4/stepISR.c **** 
 260:.\Generated_Source\PSoC4/stepISR.c **** 
 261:.\Generated_Source\PSoC4/stepISR.c **** /*******************************************************************************
 262:.\Generated_Source\PSoC4/stepISR.c **** * Function Name: stepISR_GetPriority
 263:.\Generated_Source\PSoC4/stepISR.c **** ********************************************************************************
 264:.\Generated_Source\PSoC4/stepISR.c **** *
 265:.\Generated_Source\PSoC4/stepISR.c **** * Summary:
 266:.\Generated_Source\PSoC4/stepISR.c **** *   Gets the Priority of the Interrupt.
 267:.\Generated_Source\PSoC4/stepISR.c **** *
ARM GAS  C:\Users\g\AppData\Local\Temp\ccLTdTPg.s 			page 8


 268:.\Generated_Source\PSoC4/stepISR.c **** * Parameters:
 269:.\Generated_Source\PSoC4/stepISR.c **** *   None
 270:.\Generated_Source\PSoC4/stepISR.c **** *
 271:.\Generated_Source\PSoC4/stepISR.c **** * Return:
 272:.\Generated_Source\PSoC4/stepISR.c **** *   Priority of the interrupt, 0 being the highest priority
 273:.\Generated_Source\PSoC4/stepISR.c **** *    PSoC 3 and PSoC 5LP: Priority is from 0 to 7.
 274:.\Generated_Source\PSoC4/stepISR.c **** *    PSoC 4: Priority is from 0 to 3.
 275:.\Generated_Source\PSoC4/stepISR.c **** *
 276:.\Generated_Source\PSoC4/stepISR.c **** *******************************************************************************/
 277:.\Generated_Source\PSoC4/stepISR.c **** uint8 stepISR_GetPriority(void)
 278:.\Generated_Source\PSoC4/stepISR.c **** {
 132              		.loc 1 278 0
 133              		.cfi_startproc
 134              	.LVL5:
 279:.\Generated_Source\PSoC4/stepISR.c ****     uint32 priority;
 280:.\Generated_Source\PSoC4/stepISR.c **** 	uint32 priorityOffset = ((stepISR__INTC_NUMBER % 4u) * 8u) + 6u;
 281:.\Generated_Source\PSoC4/stepISR.c **** 
 282:.\Generated_Source\PSoC4/stepISR.c ****     priority = (*stepISR_INTC_PRIOR & stepISR__INTC_PRIOR_MASK) >> priorityOffset;
 135              		.loc 1 282 0
 136 0000 024B     		ldr	r3, .L12
 137 0002 1868     		ldr	r0, [r3]
 138 0004 0006     		lsl	r0, r0, #24
 139              	.LVL6:
 283:.\Generated_Source\PSoC4/stepISR.c **** 
 284:.\Generated_Source\PSoC4/stepISR.c ****     return (uint8)priority;
 140              		.loc 1 284 0
 141 0006 800F     		lsr	r0, r0, #30
 142              	.LVL7:
 285:.\Generated_Source\PSoC4/stepISR.c **** }
 143              		.loc 1 285 0
 144              		@ sp needed
 145 0008 7047     		bx	lr
 146              	.L13:
 147 000a C046     		.align	2
 148              	.L12:
 149 000c 04E400E0 		.word	-536812540
 150              		.cfi_endproc
 151              	.LFE7:
 152              		.size	stepISR_GetPriority, .-stepISR_GetPriority
 153              		.section	.text.stepISR_Enable,"ax",%progbits
 154              		.align	2
 155              		.global	stepISR_Enable
 156              		.code	16
 157              		.thumb_func
 158              		.type	stepISR_Enable, %function
 159              	stepISR_Enable:
 160              	.LFB8:
 286:.\Generated_Source\PSoC4/stepISR.c **** 
 287:.\Generated_Source\PSoC4/stepISR.c **** 
 288:.\Generated_Source\PSoC4/stepISR.c **** /*******************************************************************************
 289:.\Generated_Source\PSoC4/stepISR.c **** * Function Name: stepISR_Enable
 290:.\Generated_Source\PSoC4/stepISR.c **** ********************************************************************************
 291:.\Generated_Source\PSoC4/stepISR.c **** *
 292:.\Generated_Source\PSoC4/stepISR.c **** * Summary:
 293:.\Generated_Source\PSoC4/stepISR.c **** *   Enables the interrupt to the interrupt controller. Do not call this function
 294:.\Generated_Source\PSoC4/stepISR.c **** *   unless ISR_Start() has been called or the functionality of the ISR_Start() 
 295:.\Generated_Source\PSoC4/stepISR.c **** *   function, which sets the vector and the priority, has been called.
ARM GAS  C:\Users\g\AppData\Local\Temp\ccLTdTPg.s 			page 9


 296:.\Generated_Source\PSoC4/stepISR.c **** *
 297:.\Generated_Source\PSoC4/stepISR.c **** * Parameters:
 298:.\Generated_Source\PSoC4/stepISR.c **** *   None
 299:.\Generated_Source\PSoC4/stepISR.c **** *
 300:.\Generated_Source\PSoC4/stepISR.c **** * Return:
 301:.\Generated_Source\PSoC4/stepISR.c **** *   None
 302:.\Generated_Source\PSoC4/stepISR.c **** *
 303:.\Generated_Source\PSoC4/stepISR.c **** *******************************************************************************/
 304:.\Generated_Source\PSoC4/stepISR.c **** void stepISR_Enable(void)
 305:.\Generated_Source\PSoC4/stepISR.c **** {
 161              		.loc 1 305 0
 162              		.cfi_startproc
 306:.\Generated_Source\PSoC4/stepISR.c ****     /* Enable the general interrupt. */
 307:.\Generated_Source\PSoC4/stepISR.c ****     *stepISR_INTC_SET_EN = stepISR__INTC_MASK;
 163              		.loc 1 307 0
 164 0000 1022     		mov	r2, #16
 165 0002 014B     		ldr	r3, .L15
 166 0004 1A60     		str	r2, [r3]
 308:.\Generated_Source\PSoC4/stepISR.c **** }
 167              		.loc 1 308 0
 168              		@ sp needed
 169 0006 7047     		bx	lr
 170              	.L16:
 171              		.align	2
 172              	.L15:
 173 0008 00E100E0 		.word	-536813312
 174              		.cfi_endproc
 175              	.LFE8:
 176              		.size	stepISR_Enable, .-stepISR_Enable
 177              		.section	.text.stepISR_GetState,"ax",%progbits
 178              		.align	2
 179              		.global	stepISR_GetState
 180              		.code	16
 181              		.thumb_func
 182              		.type	stepISR_GetState, %function
 183              	stepISR_GetState:
 184              	.LFB9:
 309:.\Generated_Source\PSoC4/stepISR.c **** 
 310:.\Generated_Source\PSoC4/stepISR.c **** 
 311:.\Generated_Source\PSoC4/stepISR.c **** /*******************************************************************************
 312:.\Generated_Source\PSoC4/stepISR.c **** * Function Name: stepISR_GetState
 313:.\Generated_Source\PSoC4/stepISR.c **** ********************************************************************************
 314:.\Generated_Source\PSoC4/stepISR.c **** *
 315:.\Generated_Source\PSoC4/stepISR.c **** * Summary:
 316:.\Generated_Source\PSoC4/stepISR.c **** *   Gets the state (enabled, disabled) of the Interrupt.
 317:.\Generated_Source\PSoC4/stepISR.c **** *
 318:.\Generated_Source\PSoC4/stepISR.c **** * Parameters:
 319:.\Generated_Source\PSoC4/stepISR.c **** *   None
 320:.\Generated_Source\PSoC4/stepISR.c **** *
 321:.\Generated_Source\PSoC4/stepISR.c **** * Return:
 322:.\Generated_Source\PSoC4/stepISR.c **** *   1 if enabled, 0 if disabled.
 323:.\Generated_Source\PSoC4/stepISR.c **** *
 324:.\Generated_Source\PSoC4/stepISR.c **** *******************************************************************************/
 325:.\Generated_Source\PSoC4/stepISR.c **** uint8 stepISR_GetState(void)
 326:.\Generated_Source\PSoC4/stepISR.c **** {
 185              		.loc 1 326 0
 186              		.cfi_startproc
ARM GAS  C:\Users\g\AppData\Local\Temp\ccLTdTPg.s 			page 10


 327:.\Generated_Source\PSoC4/stepISR.c ****     /* Get the state of the general interrupt. */
 328:.\Generated_Source\PSoC4/stepISR.c ****     return ((*stepISR_INTC_SET_EN & (uint32)stepISR__INTC_MASK) != 0u) ? 1u:0u;
 187              		.loc 1 328 0
 188 0000 034B     		ldr	r3, .L20
 189 0002 1B68     		ldr	r3, [r3]
 190 0004 DB06     		lsl	r3, r3, #27
 191 0006 01D5     		bpl	.L19
 192 0008 0120     		mov	r0, #1
 193 000a 00E0     		b	.L18
 194              	.L19:
 195 000c 0020     		mov	r0, #0
 196              	.L18:
 329:.\Generated_Source\PSoC4/stepISR.c **** }
 197              		.loc 1 329 0 discriminator 4
 198              		@ sp needed
 199 000e 7047     		bx	lr
 200              	.L21:
 201              		.align	2
 202              	.L20:
 203 0010 00E100E0 		.word	-536813312
 204              		.cfi_endproc
 205              	.LFE9:
 206              		.size	stepISR_GetState, .-stepISR_GetState
 207              		.section	.text.stepISR_Disable,"ax",%progbits
 208              		.align	2
 209              		.global	stepISR_Disable
 210              		.code	16
 211              		.thumb_func
 212              		.type	stepISR_Disable, %function
 213              	stepISR_Disable:
 214              	.LFB10:
 330:.\Generated_Source\PSoC4/stepISR.c **** 
 331:.\Generated_Source\PSoC4/stepISR.c **** 
 332:.\Generated_Source\PSoC4/stepISR.c **** /*******************************************************************************
 333:.\Generated_Source\PSoC4/stepISR.c **** * Function Name: stepISR_Disable
 334:.\Generated_Source\PSoC4/stepISR.c **** ********************************************************************************
 335:.\Generated_Source\PSoC4/stepISR.c **** *
 336:.\Generated_Source\PSoC4/stepISR.c **** * Summary:
 337:.\Generated_Source\PSoC4/stepISR.c **** *   Disables the Interrupt in the interrupt controller.
 338:.\Generated_Source\PSoC4/stepISR.c **** *
 339:.\Generated_Source\PSoC4/stepISR.c **** * Parameters:
 340:.\Generated_Source\PSoC4/stepISR.c **** *   None
 341:.\Generated_Source\PSoC4/stepISR.c **** *
 342:.\Generated_Source\PSoC4/stepISR.c **** * Return:
 343:.\Generated_Source\PSoC4/stepISR.c **** *   None
 344:.\Generated_Source\PSoC4/stepISR.c **** *
 345:.\Generated_Source\PSoC4/stepISR.c **** *******************************************************************************/
 346:.\Generated_Source\PSoC4/stepISR.c **** void stepISR_Disable(void)
 347:.\Generated_Source\PSoC4/stepISR.c **** {
 215              		.loc 1 347 0
 216              		.cfi_startproc
 348:.\Generated_Source\PSoC4/stepISR.c ****     /* Disable the general interrupt. */
 349:.\Generated_Source\PSoC4/stepISR.c ****     *stepISR_INTC_CLR_EN = stepISR__INTC_MASK;
 217              		.loc 1 349 0
 218 0000 1022     		mov	r2, #16
 219 0002 014B     		ldr	r3, .L23
 220 0004 1A60     		str	r2, [r3]
ARM GAS  C:\Users\g\AppData\Local\Temp\ccLTdTPg.s 			page 11


 350:.\Generated_Source\PSoC4/stepISR.c **** }
 221              		.loc 1 350 0
 222              		@ sp needed
 223 0006 7047     		bx	lr
 224              	.L24:
 225              		.align	2
 226              	.L23:
 227 0008 80E100E0 		.word	-536813184
 228              		.cfi_endproc
 229              	.LFE10:
 230              		.size	stepISR_Disable, .-stepISR_Disable
 231              		.section	.text.stepISR_Start,"ax",%progbits
 232              		.align	2
 233              		.global	stepISR_Start
 234              		.code	16
 235              		.thumb_func
 236              		.type	stepISR_Start, %function
 237              	stepISR_Start:
 238              	.LFB0:
  57:.\Generated_Source\PSoC4/stepISR.c ****     /* For all we know the interrupt is active. */
 239              		.loc 1 57 0
 240              		.cfi_startproc
 241 0000 08B5     		push	{r3, lr}
 242              		.cfi_def_cfa_offset 8
 243              		.cfi_offset 3, -8
 244              		.cfi_offset 14, -4
  59:.\Generated_Source\PSoC4/stepISR.c **** 
 245              		.loc 1 59 0
 246 0002 FFF7FEFF 		bl	stepISR_Disable
 247              	.LVL8:
  62:.\Generated_Source\PSoC4/stepISR.c **** 
 248              		.loc 1 62 0
 249 0006 0448     		ldr	r0, .L26
 250 0008 FFF7FEFF 		bl	stepISR_SetVector
 251              	.LVL9:
  65:.\Generated_Source\PSoC4/stepISR.c **** 
 252              		.loc 1 65 0
 253 000c 0320     		mov	r0, #3
 254 000e FFF7FEFF 		bl	stepISR_SetPriority
 255              	.LVL10:
  68:.\Generated_Source\PSoC4/stepISR.c **** }
 256              		.loc 1 68 0
 257 0012 FFF7FEFF 		bl	stepISR_Enable
 258              	.LVL11:
  69:.\Generated_Source\PSoC4/stepISR.c **** 
 259              		.loc 1 69 0
 260              		@ sp needed
 261 0016 08BD     		pop	{r3, pc}
 262              	.L27:
 263              		.align	2
 264              	.L26:
 265 0018 00000000 		.word	stepISR_Interrupt
 266              		.cfi_endproc
 267              	.LFE0:
 268              		.size	stepISR_Start, .-stepISR_Start
 269              		.section	.text.stepISR_StartEx,"ax",%progbits
 270              		.align	2
ARM GAS  C:\Users\g\AppData\Local\Temp\ccLTdTPg.s 			page 12


 271              		.global	stepISR_StartEx
 272              		.code	16
 273              		.thumb_func
 274              		.type	stepISR_StartEx, %function
 275              	stepISR_StartEx:
 276              	.LFB1:
 100:.\Generated_Source\PSoC4/stepISR.c ****     /* For all we know the interrupt is active. */
 277              		.loc 1 100 0
 278              		.cfi_startproc
 279              	.LVL12:
 280 0000 10B5     		push	{r4, lr}
 281              		.cfi_def_cfa_offset 8
 282              		.cfi_offset 4, -8
 283              		.cfi_offset 14, -4
 284 0002 041C     		mov	r4, r0
 102:.\Generated_Source\PSoC4/stepISR.c **** 
 285              		.loc 1 102 0
 286 0004 FFF7FEFF 		bl	stepISR_Disable
 287              	.LVL13:
 105:.\Generated_Source\PSoC4/stepISR.c **** 
 288              		.loc 1 105 0
 289 0008 201C     		mov	r0, r4
 290 000a FFF7FEFF 		bl	stepISR_SetVector
 291              	.LVL14:
 108:.\Generated_Source\PSoC4/stepISR.c **** 
 292              		.loc 1 108 0
 293 000e 0320     		mov	r0, #3
 294 0010 FFF7FEFF 		bl	stepISR_SetPriority
 295              	.LVL15:
 111:.\Generated_Source\PSoC4/stepISR.c **** }
 296              		.loc 1 111 0
 297 0014 FFF7FEFF 		bl	stepISR_Enable
 298              	.LVL16:
 112:.\Generated_Source\PSoC4/stepISR.c **** 
 299              		.loc 1 112 0
 300              		@ sp needed
 301              	.LVL17:
 302 0018 10BD     		pop	{r4, pc}
 303              		.cfi_endproc
 304              	.LFE1:
 305              		.size	stepISR_StartEx, .-stepISR_StartEx
 306 001a C046     		.section	.text.stepISR_Stop,"ax",%progbits
 307              		.align	2
 308              		.global	stepISR_Stop
 309              		.code	16
 310              		.thumb_func
 311              		.type	stepISR_Stop, %function
 312              	stepISR_Stop:
 313              	.LFB2:
 130:.\Generated_Source\PSoC4/stepISR.c ****     /* Disable this interrupt. */
 314              		.loc 1 130 0
 315              		.cfi_startproc
 316 0000 08B5     		push	{r3, lr}
 317              		.cfi_def_cfa_offset 8
 318              		.cfi_offset 3, -8
 319              		.cfi_offset 14, -4
 132:.\Generated_Source\PSoC4/stepISR.c **** 
ARM GAS  C:\Users\g\AppData\Local\Temp\ccLTdTPg.s 			page 13


 320              		.loc 1 132 0
 321 0002 FFF7FEFF 		bl	stepISR_Disable
 322              	.LVL18:
 135:.\Generated_Source\PSoC4/stepISR.c **** }
 323              		.loc 1 135 0
 324 0006 0248     		ldr	r0, .L30
 325 0008 FFF7FEFF 		bl	stepISR_SetVector
 326              	.LVL19:
 136:.\Generated_Source\PSoC4/stepISR.c **** 
 327              		.loc 1 136 0
 328              		@ sp needed
 329 000c 08BD     		pop	{r3, pc}
 330              	.L31:
 331 000e C046     		.align	2
 332              	.L30:
 333 0010 00000000 		.word	IntDefaultHandler
 334              		.cfi_endproc
 335              	.LFE2:
 336              		.size	stepISR_Stop, .-stepISR_Stop
 337              		.section	.text.stepISR_SetPending,"ax",%progbits
 338              		.align	2
 339              		.global	stepISR_SetPending
 340              		.code	16
 341              		.thumb_func
 342              		.type	stepISR_SetPending, %function
 343              	stepISR_SetPending:
 344              	.LFB11:
 351:.\Generated_Source\PSoC4/stepISR.c **** 
 352:.\Generated_Source\PSoC4/stepISR.c **** 
 353:.\Generated_Source\PSoC4/stepISR.c **** /*******************************************************************************
 354:.\Generated_Source\PSoC4/stepISR.c **** * Function Name: stepISR_SetPending
 355:.\Generated_Source\PSoC4/stepISR.c **** ********************************************************************************
 356:.\Generated_Source\PSoC4/stepISR.c **** *
 357:.\Generated_Source\PSoC4/stepISR.c **** * Summary:
 358:.\Generated_Source\PSoC4/stepISR.c **** *   Causes the Interrupt to enter the pending state, a software method of
 359:.\Generated_Source\PSoC4/stepISR.c **** *   generating the interrupt.
 360:.\Generated_Source\PSoC4/stepISR.c **** *
 361:.\Generated_Source\PSoC4/stepISR.c **** * Parameters:
 362:.\Generated_Source\PSoC4/stepISR.c **** *   None
 363:.\Generated_Source\PSoC4/stepISR.c **** *
 364:.\Generated_Source\PSoC4/stepISR.c **** * Return:
 365:.\Generated_Source\PSoC4/stepISR.c **** *   None
 366:.\Generated_Source\PSoC4/stepISR.c **** *
 367:.\Generated_Source\PSoC4/stepISR.c **** * Side Effects:
 368:.\Generated_Source\PSoC4/stepISR.c **** *   If interrupts are enabled and the interrupt is set up properly, the ISR is
 369:.\Generated_Source\PSoC4/stepISR.c **** *   entered (depending on the priority of this interrupt and other pending 
 370:.\Generated_Source\PSoC4/stepISR.c **** *   interrupts).
 371:.\Generated_Source\PSoC4/stepISR.c **** *
 372:.\Generated_Source\PSoC4/stepISR.c **** *******************************************************************************/
 373:.\Generated_Source\PSoC4/stepISR.c **** void stepISR_SetPending(void)
 374:.\Generated_Source\PSoC4/stepISR.c **** {
 345              		.loc 1 374 0
 346              		.cfi_startproc
 375:.\Generated_Source\PSoC4/stepISR.c ****     *stepISR_INTC_SET_PD = stepISR__INTC_MASK;
 347              		.loc 1 375 0
 348 0000 1022     		mov	r2, #16
 349 0002 014B     		ldr	r3, .L33
ARM GAS  C:\Users\g\AppData\Local\Temp\ccLTdTPg.s 			page 14


 350 0004 1A60     		str	r2, [r3]
 376:.\Generated_Source\PSoC4/stepISR.c **** }
 351              		.loc 1 376 0
 352              		@ sp needed
 353 0006 7047     		bx	lr
 354              	.L34:
 355              		.align	2
 356              	.L33:
 357 0008 00E200E0 		.word	-536813056
 358              		.cfi_endproc
 359              	.LFE11:
 360              		.size	stepISR_SetPending, .-stepISR_SetPending
 361              		.section	.text.stepISR_ClearPending,"ax",%progbits
 362              		.align	2
 363              		.global	stepISR_ClearPending
 364              		.code	16
 365              		.thumb_func
 366              		.type	stepISR_ClearPending, %function
 367              	stepISR_ClearPending:
 368              	.LFB12:
 377:.\Generated_Source\PSoC4/stepISR.c **** 
 378:.\Generated_Source\PSoC4/stepISR.c **** 
 379:.\Generated_Source\PSoC4/stepISR.c **** /*******************************************************************************
 380:.\Generated_Source\PSoC4/stepISR.c **** * Function Name: stepISR_ClearPending
 381:.\Generated_Source\PSoC4/stepISR.c **** ********************************************************************************
 382:.\Generated_Source\PSoC4/stepISR.c **** *
 383:.\Generated_Source\PSoC4/stepISR.c **** * Summary:
 384:.\Generated_Source\PSoC4/stepISR.c **** *   Clears a pending interrupt in the interrupt controller.
 385:.\Generated_Source\PSoC4/stepISR.c **** *
 386:.\Generated_Source\PSoC4/stepISR.c **** *   Note Some interrupt sources are clear-on-read and require the block 
 387:.\Generated_Source\PSoC4/stepISR.c **** *   interrupt/status register to be read/cleared with the appropriate block API 
 388:.\Generated_Source\PSoC4/stepISR.c **** *   (GPIO, UART, and so on). Otherwise the ISR will continue to remain in 
 389:.\Generated_Source\PSoC4/stepISR.c **** *   pending state even though the interrupt itself is cleared using this API.
 390:.\Generated_Source\PSoC4/stepISR.c **** *
 391:.\Generated_Source\PSoC4/stepISR.c **** * Parameters:
 392:.\Generated_Source\PSoC4/stepISR.c **** *   None
 393:.\Generated_Source\PSoC4/stepISR.c **** *
 394:.\Generated_Source\PSoC4/stepISR.c **** * Return:
 395:.\Generated_Source\PSoC4/stepISR.c **** *   None
 396:.\Generated_Source\PSoC4/stepISR.c **** *
 397:.\Generated_Source\PSoC4/stepISR.c **** *******************************************************************************/
 398:.\Generated_Source\PSoC4/stepISR.c **** void stepISR_ClearPending(void)
 399:.\Generated_Source\PSoC4/stepISR.c **** {
 369              		.loc 1 399 0
 370              		.cfi_startproc
 400:.\Generated_Source\PSoC4/stepISR.c ****     *stepISR_INTC_CLR_PD = stepISR__INTC_MASK;
 371              		.loc 1 400 0
 372 0000 1022     		mov	r2, #16
 373 0002 014B     		ldr	r3, .L36
 374 0004 1A60     		str	r2, [r3]
 401:.\Generated_Source\PSoC4/stepISR.c **** }
 375              		.loc 1 401 0
 376              		@ sp needed
 377 0006 7047     		bx	lr
 378              	.L37:
 379              		.align	2
 380              	.L36:
ARM GAS  C:\Users\g\AppData\Local\Temp\ccLTdTPg.s 			page 15


 381 0008 80E200E0 		.word	-536812928
 382              		.cfi_endproc
 383              	.LFE12:
 384              		.size	stepISR_ClearPending, .-stepISR_ClearPending
 385              		.text
 386              	.Letext0:
 387              		.file 2 "Generated_Source\\PSoC4/cytypes.h"
 388              		.file 3 "Generated_Source\\PSoC4/CyLib.h"
 389              		.section	.debug_info,"",%progbits
 390              	.Ldebug_info0:
 391 0000 FC020000 		.4byte	0x2fc
 392 0004 0400     		.2byte	0x4
 393 0006 00000000 		.4byte	.Ldebug_abbrev0
 394 000a 04       		.byte	0x4
 395 000b 01       		.uleb128 0x1
 396 000c 8E000000 		.4byte	.LASF33
 397 0010 01       		.byte	0x1
 398 0011 35010000 		.4byte	.LASF34
 399 0015 8D020000 		.4byte	.LASF35
 400 0019 00000000 		.4byte	.Ldebug_ranges0+0
 401 001d 00000000 		.4byte	0
 402 0021 00000000 		.4byte	.Ldebug_line0
 403 0025 02       		.uleb128 0x2
 404 0026 01       		.byte	0x1
 405 0027 06       		.byte	0x6
 406 0028 CC020000 		.4byte	.LASF0
 407 002c 02       		.uleb128 0x2
 408 002d 01       		.byte	0x1
 409 002e 08       		.byte	0x8
 410 002f 27010000 		.4byte	.LASF1
 411 0033 02       		.uleb128 0x2
 412 0034 02       		.byte	0x2
 413 0035 05       		.byte	0x5
 414 0036 83020000 		.4byte	.LASF2
 415 003a 02       		.uleb128 0x2
 416 003b 02       		.byte	0x2
 417 003c 07       		.byte	0x7
 418 003d 37000000 		.4byte	.LASF3
 419 0041 02       		.uleb128 0x2
 420 0042 04       		.byte	0x4
 421 0043 05       		.byte	0x5
 422 0044 C3020000 		.4byte	.LASF4
 423 0048 02       		.uleb128 0x2
 424 0049 04       		.byte	0x4
 425 004a 07       		.byte	0x7
 426 004b 67010000 		.4byte	.LASF5
 427 004f 02       		.uleb128 0x2
 428 0050 08       		.byte	0x8
 429 0051 05       		.byte	0x5
 430 0052 52020000 		.4byte	.LASF6
 431 0056 02       		.uleb128 0x2
 432 0057 08       		.byte	0x8
 433 0058 07       		.byte	0x7
 434 0059 77000000 		.4byte	.LASF7
 435 005d 03       		.uleb128 0x3
 436 005e 04       		.byte	0x4
 437 005f 05       		.byte	0x5
ARM GAS  C:\Users\g\AppData\Local\Temp\ccLTdTPg.s 			page 16


 438 0060 696E7400 		.ascii	"int\000"
 439 0064 02       		.uleb128 0x2
 440 0065 04       		.byte	0x4
 441 0066 07       		.byte	0x7
 442 0067 DD010000 		.4byte	.LASF8
 443 006b 04       		.uleb128 0x4
 444 006c 79010000 		.4byte	.LASF9
 445 0070 02       		.byte	0x2
 446 0071 9801     		.2byte	0x198
 447 0073 2C000000 		.4byte	0x2c
 448 0077 04       		.uleb128 0x4
 449 0078 BF010000 		.4byte	.LASF10
 450 007c 02       		.byte	0x2
 451 007d 9A01     		.2byte	0x19a
 452 007f 48000000 		.4byte	0x48
 453 0083 02       		.uleb128 0x2
 454 0084 04       		.byte	0x4
 455 0085 04       		.byte	0x4
 456 0086 71000000 		.4byte	.LASF11
 457 008a 02       		.uleb128 0x2
 458 008b 08       		.byte	0x8
 459 008c 04       		.byte	0x4
 460 008d A9010000 		.4byte	.LASF12
 461 0091 02       		.uleb128 0x2
 462 0092 01       		.byte	0x1
 463 0093 08       		.byte	0x8
 464 0094 70020000 		.4byte	.LASF13
 465 0098 04       		.uleb128 0x4
 466 0099 12000000 		.4byte	.LASF14
 467 009d 02       		.byte	0x2
 468 009e 4402     		.2byte	0x244
 469 00a0 A4000000 		.4byte	0xa4
 470 00a4 05       		.uleb128 0x5
 471 00a5 77000000 		.4byte	0x77
 472 00a9 04       		.uleb128 0x4
 473 00aa 08020000 		.4byte	.LASF15
 474 00ae 02       		.byte	0x2
 475 00af 5402     		.2byte	0x254
 476 00b1 B5000000 		.4byte	0xb5
 477 00b5 06       		.uleb128 0x6
 478 00b6 04       		.byte	0x4
 479 00b7 BB000000 		.4byte	0xbb
 480 00bb 07       		.uleb128 0x7
 481 00bc 02       		.uleb128 0x2
 482 00bd 04       		.byte	0x4
 483 00be 07       		.byte	0x7
 484 00bf 49020000 		.4byte	.LASF16
 485 00c3 08       		.uleb128 0x8
 486 00c4 18000000 		.4byte	.LASF23
 487 00c8 01       		.byte	0x1
 488 00c9 9F       		.byte	0x9f
 489 00ca 00000000 		.4byte	.LFB3
 490 00ce 02000000 		.4byte	.LFE3-.LFB3
 491 00d2 01       		.uleb128 0x1
 492 00d3 9C       		.byte	0x9c
 493 00d4 09       		.uleb128 0x9
 494 00d5 15020000 		.4byte	.LASF17
ARM GAS  C:\Users\g\AppData\Local\Temp\ccLTdTPg.s 			page 17


 495 00d9 01       		.byte	0x1
 496 00da C7       		.byte	0xc7
 497 00db 00000000 		.4byte	.LFB4
 498 00df 0C000000 		.4byte	.LFE4-.LFB4
 499 00e3 01       		.uleb128 0x1
 500 00e4 9C       		.byte	0x9c
 501 00e5 F7000000 		.4byte	0xf7
 502 00e9 0A       		.uleb128 0xa
 503 00ea EA010000 		.4byte	.LASF19
 504 00ee 01       		.byte	0x1
 505 00ef C7       		.byte	0xc7
 506 00f0 A9000000 		.4byte	0xa9
 507 00f4 01       		.uleb128 0x1
 508 00f5 50       		.byte	0x50
 509 00f6 00       		.byte	0
 510 00f7 0B       		.uleb128 0xb
 511 00f8 00000000 		.4byte	.LASF25
 512 00fc 01       		.byte	0x1
 513 00fd DB       		.byte	0xdb
 514 00fe A9000000 		.4byte	0xa9
 515 0102 00000000 		.4byte	.LFB5
 516 0106 0C000000 		.4byte	.LFE5-.LFB5
 517 010a 01       		.uleb128 0x1
 518 010b 9C       		.byte	0x9c
 519 010c 09       		.uleb128 0x9
 520 010d 4A000000 		.4byte	.LASF18
 521 0111 01       		.byte	0x1
 522 0112 F9       		.byte	0xf9
 523 0113 00000000 		.4byte	.LFB6
 524 0117 20000000 		.4byte	.LFE6-.LFB6
 525 011b 01       		.uleb128 0x1
 526 011c 9C       		.byte	0x9c
 527 011d 5E010000 		.4byte	0x15e
 528 0121 0C       		.uleb128 0xc
 529 0122 90010000 		.4byte	.LASF20
 530 0126 01       		.byte	0x1
 531 0127 F9       		.byte	0xf9
 532 0128 6B000000 		.4byte	0x6b
 533 012c 00000000 		.4byte	.LLST0
 534 0130 0D       		.uleb128 0xd
 535 0131 58010000 		.4byte	.LASF21
 536 0135 01       		.byte	0x1
 537 0136 FB       		.byte	0xfb
 538 0137 6B000000 		.4byte	0x6b
 539 013b 21000000 		.4byte	.LLST1
 540 013f 0E       		.uleb128 0xe
 541 0140 B4020000 		.4byte	.LASF22
 542 0144 01       		.byte	0x1
 543 0145 FC       		.byte	0xfc
 544 0146 77000000 		.4byte	0x77
 545 014a 06       		.byte	0x6
 546 014b 0F       		.uleb128 0xf
 547 014c 08000000 		.4byte	.LVL3
 548 0150 E7020000 		.4byte	0x2e7
 549 0154 0F       		.uleb128 0xf
 550 0155 1A000000 		.4byte	.LVL4
 551 0159 F2020000 		.4byte	0x2f2
ARM GAS  C:\Users\g\AppData\Local\Temp\ccLTdTPg.s 			page 18


 552 015d 00       		.byte	0
 553 015e 10       		.uleb128 0x10
 554 015f D8020000 		.4byte	.LASF36
 555 0163 01       		.byte	0x1
 556 0164 1501     		.2byte	0x115
 557 0166 6B000000 		.4byte	0x6b
 558 016a 00000000 		.4byte	.LFB7
 559 016e 10000000 		.4byte	.LFE7-.LFB7
 560 0172 01       		.uleb128 0x1
 561 0173 9C       		.byte	0x9c
 562 0174 96010000 		.4byte	0x196
 563 0178 11       		.uleb128 0x11
 564 0179 90010000 		.4byte	.LASF20
 565 017d 01       		.byte	0x1
 566 017e 1701     		.2byte	0x117
 567 0180 77000000 		.4byte	0x77
 568 0184 34000000 		.4byte	.LLST2
 569 0188 12       		.uleb128 0x12
 570 0189 B4020000 		.4byte	.LASF22
 571 018d 01       		.byte	0x1
 572 018e 1801     		.2byte	0x118
 573 0190 77000000 		.4byte	0x77
 574 0194 06       		.byte	0x6
 575 0195 00       		.byte	0
 576 0196 13       		.uleb128 0x13
 577 0197 B0010000 		.4byte	.LASF24
 578 019b 01       		.byte	0x1
 579 019c 3001     		.2byte	0x130
 580 019e 00000000 		.4byte	.LFB8
 581 01a2 0C000000 		.4byte	.LFE8-.LFB8
 582 01a6 01       		.uleb128 0x1
 583 01a7 9C       		.byte	0x9c
 584 01a8 14       		.uleb128 0x14
 585 01a9 7F010000 		.4byte	.LASF26
 586 01ad 01       		.byte	0x1
 587 01ae 4501     		.2byte	0x145
 588 01b0 6B000000 		.4byte	0x6b
 589 01b4 00000000 		.4byte	.LFB9
 590 01b8 14000000 		.4byte	.LFE9-.LFB9
 591 01bc 01       		.uleb128 0x1
 592 01bd 9C       		.byte	0x9c
 593 01be 13       		.uleb128 0x13
 594 01bf 60020000 		.4byte	.LASF27
 595 01c3 01       		.byte	0x1
 596 01c4 5A01     		.2byte	0x15a
 597 01c6 00000000 		.4byte	.LFB10
 598 01ca 0C000000 		.4byte	.LFE10-.LFB10
 599 01ce 01       		.uleb128 0x1
 600 01cf 9C       		.byte	0x9c
 601 01d0 09       		.uleb128 0x9
 602 01d1 75020000 		.4byte	.LASF28
 603 01d5 01       		.byte	0x1
 604 01d6 38       		.byte	0x38
 605 01d7 00000000 		.4byte	.LFB0
 606 01db 1C000000 		.4byte	.LFE0-.LFB0
 607 01df 01       		.uleb128 0x1
 608 01e0 9C       		.byte	0x9c
ARM GAS  C:\Users\g\AppData\Local\Temp\ccLTdTPg.s 			page 19


 609 01e1 22020000 		.4byte	0x222
 610 01e5 0F       		.uleb128 0xf
 611 01e6 06000000 		.4byte	.LVL8
 612 01ea BE010000 		.4byte	0x1be
 613 01ee 15       		.uleb128 0x15
 614 01ef 0C000000 		.4byte	.LVL9
 615 01f3 D4000000 		.4byte	0xd4
 616 01f7 05020000 		.4byte	0x205
 617 01fb 16       		.uleb128 0x16
 618 01fc 01       		.uleb128 0x1
 619 01fd 50       		.byte	0x50
 620 01fe 05       		.uleb128 0x5
 621 01ff 03       		.byte	0x3
 622 0200 00000000 		.4byte	stepISR_Interrupt
 623 0204 00       		.byte	0
 624 0205 15       		.uleb128 0x15
 625 0206 12000000 		.4byte	.LVL10
 626 020a 0C010000 		.4byte	0x10c
 627 020e 18020000 		.4byte	0x218
 628 0212 16       		.uleb128 0x16
 629 0213 01       		.uleb128 0x1
 630 0214 50       		.byte	0x50
 631 0215 01       		.uleb128 0x1
 632 0216 33       		.byte	0x33
 633 0217 00       		.byte	0
 634 0218 0F       		.uleb128 0xf
 635 0219 16000000 		.4byte	.LVL11
 636 021d 96010000 		.4byte	0x196
 637 0221 00       		.byte	0
 638 0222 09       		.uleb128 0x9
 639 0223 99010000 		.4byte	.LASF29
 640 0227 01       		.byte	0x1
 641 0228 63       		.byte	0x63
 642 0229 00000000 		.4byte	.LFB1
 643 022d 1A000000 		.4byte	.LFE1-.LFB1
 644 0231 01       		.uleb128 0x1
 645 0232 9C       		.byte	0x9c
 646 0233 80020000 		.4byte	0x280
 647 0237 0C       		.uleb128 0xc
 648 0238 EA010000 		.4byte	.LASF19
 649 023c 01       		.byte	0x1
 650 023d 63       		.byte	0x63
 651 023e A9000000 		.4byte	0xa9
 652 0242 56000000 		.4byte	.LLST3
 653 0246 0F       		.uleb128 0xf
 654 0247 08000000 		.4byte	.LVL13
 655 024b BE010000 		.4byte	0x1be
 656 024f 15       		.uleb128 0x15
 657 0250 0E000000 		.4byte	.LVL14
 658 0254 D4000000 		.4byte	0xd4
 659 0258 63020000 		.4byte	0x263
 660 025c 16       		.uleb128 0x16
 661 025d 01       		.uleb128 0x1
 662 025e 50       		.byte	0x50
 663 025f 02       		.uleb128 0x2
 664 0260 74       		.byte	0x74
 665 0261 00       		.sleb128 0
ARM GAS  C:\Users\g\AppData\Local\Temp\ccLTdTPg.s 			page 20


 666 0262 00       		.byte	0
 667 0263 15       		.uleb128 0x15
 668 0264 14000000 		.4byte	.LVL15
 669 0268 0C010000 		.4byte	0x10c
 670 026c 76020000 		.4byte	0x276
 671 0270 16       		.uleb128 0x16
 672 0271 01       		.uleb128 0x1
 673 0272 50       		.byte	0x50
 674 0273 01       		.uleb128 0x1
 675 0274 33       		.byte	0x33
 676 0275 00       		.byte	0
 677 0276 0F       		.uleb128 0xf
 678 0277 18000000 		.4byte	.LVL16
 679 027b 96010000 		.4byte	0x196
 680 027f 00       		.byte	0
 681 0280 09       		.uleb128 0x9
 682 0281 27020000 		.4byte	.LASF30
 683 0285 01       		.byte	0x1
 684 0286 81       		.byte	0x81
 685 0287 00000000 		.4byte	.LFB2
 686 028b 14000000 		.4byte	.LFE2-.LFB2
 687 028f 01       		.uleb128 0x1
 688 0290 9C       		.byte	0x9c
 689 0291 A8020000 		.4byte	0x2a8
 690 0295 0F       		.uleb128 0xf
 691 0296 06000000 		.4byte	.LVL18
 692 029a BE010000 		.4byte	0x1be
 693 029e 0F       		.uleb128 0xf
 694 029f 0C000000 		.4byte	.LVL19
 695 02a3 D4000000 		.4byte	0xd4
 696 02a7 00       		.byte	0
 697 02a8 13       		.uleb128 0x13
 698 02a9 5E000000 		.4byte	.LASF31
 699 02ad 01       		.byte	0x1
 700 02ae 7501     		.2byte	0x175
 701 02b0 00000000 		.4byte	.LFB11
 702 02b4 0C000000 		.4byte	.LFE11-.LFB11
 703 02b8 01       		.uleb128 0x1
 704 02b9 9C       		.byte	0x9c
 705 02ba 13       		.uleb128 0x13
 706 02bb 34020000 		.4byte	.LASF32
 707 02bf 01       		.byte	0x1
 708 02c0 8E01     		.2byte	0x18e
 709 02c2 00000000 		.4byte	.LFB12
 710 02c6 0C000000 		.4byte	.LFE12-.LFB12
 711 02ca 01       		.uleb128 0x1
 712 02cb 9C       		.byte	0x9c
 713 02cc 17       		.uleb128 0x17
 714 02cd A9000000 		.4byte	0xa9
 715 02d1 DC020000 		.4byte	0x2dc
 716 02d5 18       		.uleb128 0x18
 717 02d6 BC000000 		.4byte	0xbc
 718 02da 2F       		.byte	0x2f
 719 02db 00       		.byte	0
 720 02dc 19       		.uleb128 0x19
 721 02dd 2A000000 		.4byte	.LASF37
 722 02e1 01       		.byte	0x1
ARM GAS  C:\Users\g\AppData\Local\Temp\ccLTdTPg.s 			page 21


 723 02e2 21       		.byte	0x21
 724 02e3 CC020000 		.4byte	0x2cc
 725 02e7 1A       		.uleb128 0x1a
 726 02e8 C6010000 		.4byte	.LASF38
 727 02ec 03       		.byte	0x3
 728 02ed E3       		.byte	0xe3
 729 02ee 6B000000 		.4byte	0x6b
 730 02f2 1B       		.uleb128 0x1b
 731 02f3 F2010000 		.4byte	.LASF39
 732 02f7 03       		.byte	0x3
 733 02f8 E4       		.byte	0xe4
 734 02f9 1C       		.uleb128 0x1c
 735 02fa 6B000000 		.4byte	0x6b
 736 02fe 00       		.byte	0
 737 02ff 00       		.byte	0
 738              		.section	.debug_abbrev,"",%progbits
 739              	.Ldebug_abbrev0:
 740 0000 01       		.uleb128 0x1
 741 0001 11       		.uleb128 0x11
 742 0002 01       		.byte	0x1
 743 0003 25       		.uleb128 0x25
 744 0004 0E       		.uleb128 0xe
 745 0005 13       		.uleb128 0x13
 746 0006 0B       		.uleb128 0xb
 747 0007 03       		.uleb128 0x3
 748 0008 0E       		.uleb128 0xe
 749 0009 1B       		.uleb128 0x1b
 750 000a 0E       		.uleb128 0xe
 751 000b 55       		.uleb128 0x55
 752 000c 17       		.uleb128 0x17
 753 000d 11       		.uleb128 0x11
 754 000e 01       		.uleb128 0x1
 755 000f 10       		.uleb128 0x10
 756 0010 17       		.uleb128 0x17
 757 0011 00       		.byte	0
 758 0012 00       		.byte	0
 759 0013 02       		.uleb128 0x2
 760 0014 24       		.uleb128 0x24
 761 0015 00       		.byte	0
 762 0016 0B       		.uleb128 0xb
 763 0017 0B       		.uleb128 0xb
 764 0018 3E       		.uleb128 0x3e
 765 0019 0B       		.uleb128 0xb
 766 001a 03       		.uleb128 0x3
 767 001b 0E       		.uleb128 0xe
 768 001c 00       		.byte	0
 769 001d 00       		.byte	0
 770 001e 03       		.uleb128 0x3
 771 001f 24       		.uleb128 0x24
 772 0020 00       		.byte	0
 773 0021 0B       		.uleb128 0xb
 774 0022 0B       		.uleb128 0xb
 775 0023 3E       		.uleb128 0x3e
 776 0024 0B       		.uleb128 0xb
 777 0025 03       		.uleb128 0x3
 778 0026 08       		.uleb128 0x8
 779 0027 00       		.byte	0
ARM GAS  C:\Users\g\AppData\Local\Temp\ccLTdTPg.s 			page 22


 780 0028 00       		.byte	0
 781 0029 04       		.uleb128 0x4
 782 002a 16       		.uleb128 0x16
 783 002b 00       		.byte	0
 784 002c 03       		.uleb128 0x3
 785 002d 0E       		.uleb128 0xe
 786 002e 3A       		.uleb128 0x3a
 787 002f 0B       		.uleb128 0xb
 788 0030 3B       		.uleb128 0x3b
 789 0031 05       		.uleb128 0x5
 790 0032 49       		.uleb128 0x49
 791 0033 13       		.uleb128 0x13
 792 0034 00       		.byte	0
 793 0035 00       		.byte	0
 794 0036 05       		.uleb128 0x5
 795 0037 35       		.uleb128 0x35
 796 0038 00       		.byte	0
 797 0039 49       		.uleb128 0x49
 798 003a 13       		.uleb128 0x13
 799 003b 00       		.byte	0
 800 003c 00       		.byte	0
 801 003d 06       		.uleb128 0x6
 802 003e 0F       		.uleb128 0xf
 803 003f 00       		.byte	0
 804 0040 0B       		.uleb128 0xb
 805 0041 0B       		.uleb128 0xb
 806 0042 49       		.uleb128 0x49
 807 0043 13       		.uleb128 0x13
 808 0044 00       		.byte	0
 809 0045 00       		.byte	0
 810 0046 07       		.uleb128 0x7
 811 0047 15       		.uleb128 0x15
 812 0048 00       		.byte	0
 813 0049 27       		.uleb128 0x27
 814 004a 19       		.uleb128 0x19
 815 004b 00       		.byte	0
 816 004c 00       		.byte	0
 817 004d 08       		.uleb128 0x8
 818 004e 2E       		.uleb128 0x2e
 819 004f 00       		.byte	0
 820 0050 3F       		.uleb128 0x3f
 821 0051 19       		.uleb128 0x19
 822 0052 03       		.uleb128 0x3
 823 0053 0E       		.uleb128 0xe
 824 0054 3A       		.uleb128 0x3a
 825 0055 0B       		.uleb128 0xb
 826 0056 3B       		.uleb128 0x3b
 827 0057 0B       		.uleb128 0xb
 828 0058 27       		.uleb128 0x27
 829 0059 19       		.uleb128 0x19
 830 005a 11       		.uleb128 0x11
 831 005b 01       		.uleb128 0x1
 832 005c 12       		.uleb128 0x12
 833 005d 06       		.uleb128 0x6
 834 005e 40       		.uleb128 0x40
 835 005f 18       		.uleb128 0x18
 836 0060 9742     		.uleb128 0x2117
ARM GAS  C:\Users\g\AppData\Local\Temp\ccLTdTPg.s 			page 23


 837 0062 19       		.uleb128 0x19
 838 0063 00       		.byte	0
 839 0064 00       		.byte	0
 840 0065 09       		.uleb128 0x9
 841 0066 2E       		.uleb128 0x2e
 842 0067 01       		.byte	0x1
 843 0068 3F       		.uleb128 0x3f
 844 0069 19       		.uleb128 0x19
 845 006a 03       		.uleb128 0x3
 846 006b 0E       		.uleb128 0xe
 847 006c 3A       		.uleb128 0x3a
 848 006d 0B       		.uleb128 0xb
 849 006e 3B       		.uleb128 0x3b
 850 006f 0B       		.uleb128 0xb
 851 0070 27       		.uleb128 0x27
 852 0071 19       		.uleb128 0x19
 853 0072 11       		.uleb128 0x11
 854 0073 01       		.uleb128 0x1
 855 0074 12       		.uleb128 0x12
 856 0075 06       		.uleb128 0x6
 857 0076 40       		.uleb128 0x40
 858 0077 18       		.uleb128 0x18
 859 0078 9742     		.uleb128 0x2117
 860 007a 19       		.uleb128 0x19
 861 007b 01       		.uleb128 0x1
 862 007c 13       		.uleb128 0x13
 863 007d 00       		.byte	0
 864 007e 00       		.byte	0
 865 007f 0A       		.uleb128 0xa
 866 0080 05       		.uleb128 0x5
 867 0081 00       		.byte	0
 868 0082 03       		.uleb128 0x3
 869 0083 0E       		.uleb128 0xe
 870 0084 3A       		.uleb128 0x3a
 871 0085 0B       		.uleb128 0xb
 872 0086 3B       		.uleb128 0x3b
 873 0087 0B       		.uleb128 0xb
 874 0088 49       		.uleb128 0x49
 875 0089 13       		.uleb128 0x13
 876 008a 02       		.uleb128 0x2
 877 008b 18       		.uleb128 0x18
 878 008c 00       		.byte	0
 879 008d 00       		.byte	0
 880 008e 0B       		.uleb128 0xb
 881 008f 2E       		.uleb128 0x2e
 882 0090 00       		.byte	0
 883 0091 3F       		.uleb128 0x3f
 884 0092 19       		.uleb128 0x19
 885 0093 03       		.uleb128 0x3
 886 0094 0E       		.uleb128 0xe
 887 0095 3A       		.uleb128 0x3a
 888 0096 0B       		.uleb128 0xb
 889 0097 3B       		.uleb128 0x3b
 890 0098 0B       		.uleb128 0xb
 891 0099 27       		.uleb128 0x27
 892 009a 19       		.uleb128 0x19
 893 009b 49       		.uleb128 0x49
ARM GAS  C:\Users\g\AppData\Local\Temp\ccLTdTPg.s 			page 24


 894 009c 13       		.uleb128 0x13
 895 009d 11       		.uleb128 0x11
 896 009e 01       		.uleb128 0x1
 897 009f 12       		.uleb128 0x12
 898 00a0 06       		.uleb128 0x6
 899 00a1 40       		.uleb128 0x40
 900 00a2 18       		.uleb128 0x18
 901 00a3 9742     		.uleb128 0x2117
 902 00a5 19       		.uleb128 0x19
 903 00a6 00       		.byte	0
 904 00a7 00       		.byte	0
 905 00a8 0C       		.uleb128 0xc
 906 00a9 05       		.uleb128 0x5
 907 00aa 00       		.byte	0
 908 00ab 03       		.uleb128 0x3
 909 00ac 0E       		.uleb128 0xe
 910 00ad 3A       		.uleb128 0x3a
 911 00ae 0B       		.uleb128 0xb
 912 00af 3B       		.uleb128 0x3b
 913 00b0 0B       		.uleb128 0xb
 914 00b1 49       		.uleb128 0x49
 915 00b2 13       		.uleb128 0x13
 916 00b3 02       		.uleb128 0x2
 917 00b4 17       		.uleb128 0x17
 918 00b5 00       		.byte	0
 919 00b6 00       		.byte	0
 920 00b7 0D       		.uleb128 0xd
 921 00b8 34       		.uleb128 0x34
 922 00b9 00       		.byte	0
 923 00ba 03       		.uleb128 0x3
 924 00bb 0E       		.uleb128 0xe
 925 00bc 3A       		.uleb128 0x3a
 926 00bd 0B       		.uleb128 0xb
 927 00be 3B       		.uleb128 0x3b
 928 00bf 0B       		.uleb128 0xb
 929 00c0 49       		.uleb128 0x49
 930 00c1 13       		.uleb128 0x13
 931 00c2 02       		.uleb128 0x2
 932 00c3 17       		.uleb128 0x17
 933 00c4 00       		.byte	0
 934 00c5 00       		.byte	0
 935 00c6 0E       		.uleb128 0xe
 936 00c7 34       		.uleb128 0x34
 937 00c8 00       		.byte	0
 938 00c9 03       		.uleb128 0x3
 939 00ca 0E       		.uleb128 0xe
 940 00cb 3A       		.uleb128 0x3a
 941 00cc 0B       		.uleb128 0xb
 942 00cd 3B       		.uleb128 0x3b
 943 00ce 0B       		.uleb128 0xb
 944 00cf 49       		.uleb128 0x49
 945 00d0 13       		.uleb128 0x13
 946 00d1 1C       		.uleb128 0x1c
 947 00d2 0B       		.uleb128 0xb
 948 00d3 00       		.byte	0
 949 00d4 00       		.byte	0
 950 00d5 0F       		.uleb128 0xf
ARM GAS  C:\Users\g\AppData\Local\Temp\ccLTdTPg.s 			page 25


 951 00d6 898201   		.uleb128 0x4109
 952 00d9 00       		.byte	0
 953 00da 11       		.uleb128 0x11
 954 00db 01       		.uleb128 0x1
 955 00dc 31       		.uleb128 0x31
 956 00dd 13       		.uleb128 0x13
 957 00de 00       		.byte	0
 958 00df 00       		.byte	0
 959 00e0 10       		.uleb128 0x10
 960 00e1 2E       		.uleb128 0x2e
 961 00e2 01       		.byte	0x1
 962 00e3 3F       		.uleb128 0x3f
 963 00e4 19       		.uleb128 0x19
 964 00e5 03       		.uleb128 0x3
 965 00e6 0E       		.uleb128 0xe
 966 00e7 3A       		.uleb128 0x3a
 967 00e8 0B       		.uleb128 0xb
 968 00e9 3B       		.uleb128 0x3b
 969 00ea 05       		.uleb128 0x5
 970 00eb 27       		.uleb128 0x27
 971 00ec 19       		.uleb128 0x19
 972 00ed 49       		.uleb128 0x49
 973 00ee 13       		.uleb128 0x13
 974 00ef 11       		.uleb128 0x11
 975 00f0 01       		.uleb128 0x1
 976 00f1 12       		.uleb128 0x12
 977 00f2 06       		.uleb128 0x6
 978 00f3 40       		.uleb128 0x40
 979 00f4 18       		.uleb128 0x18
 980 00f5 9742     		.uleb128 0x2117
 981 00f7 19       		.uleb128 0x19
 982 00f8 01       		.uleb128 0x1
 983 00f9 13       		.uleb128 0x13
 984 00fa 00       		.byte	0
 985 00fb 00       		.byte	0
 986 00fc 11       		.uleb128 0x11
 987 00fd 34       		.uleb128 0x34
 988 00fe 00       		.byte	0
 989 00ff 03       		.uleb128 0x3
 990 0100 0E       		.uleb128 0xe
 991 0101 3A       		.uleb128 0x3a
 992 0102 0B       		.uleb128 0xb
 993 0103 3B       		.uleb128 0x3b
 994 0104 05       		.uleb128 0x5
 995 0105 49       		.uleb128 0x49
 996 0106 13       		.uleb128 0x13
 997 0107 02       		.uleb128 0x2
 998 0108 17       		.uleb128 0x17
 999 0109 00       		.byte	0
 1000 010a 00       		.byte	0
 1001 010b 12       		.uleb128 0x12
 1002 010c 34       		.uleb128 0x34
 1003 010d 00       		.byte	0
 1004 010e 03       		.uleb128 0x3
 1005 010f 0E       		.uleb128 0xe
 1006 0110 3A       		.uleb128 0x3a
 1007 0111 0B       		.uleb128 0xb
ARM GAS  C:\Users\g\AppData\Local\Temp\ccLTdTPg.s 			page 26


 1008 0112 3B       		.uleb128 0x3b
 1009 0113 05       		.uleb128 0x5
 1010 0114 49       		.uleb128 0x49
 1011 0115 13       		.uleb128 0x13
 1012 0116 1C       		.uleb128 0x1c
 1013 0117 0B       		.uleb128 0xb
 1014 0118 00       		.byte	0
 1015 0119 00       		.byte	0
 1016 011a 13       		.uleb128 0x13
 1017 011b 2E       		.uleb128 0x2e
 1018 011c 00       		.byte	0
 1019 011d 3F       		.uleb128 0x3f
 1020 011e 19       		.uleb128 0x19
 1021 011f 03       		.uleb128 0x3
 1022 0120 0E       		.uleb128 0xe
 1023 0121 3A       		.uleb128 0x3a
 1024 0122 0B       		.uleb128 0xb
 1025 0123 3B       		.uleb128 0x3b
 1026 0124 05       		.uleb128 0x5
 1027 0125 27       		.uleb128 0x27
 1028 0126 19       		.uleb128 0x19
 1029 0127 11       		.uleb128 0x11
 1030 0128 01       		.uleb128 0x1
 1031 0129 12       		.uleb128 0x12
 1032 012a 06       		.uleb128 0x6
 1033 012b 40       		.uleb128 0x40
 1034 012c 18       		.uleb128 0x18
 1035 012d 9742     		.uleb128 0x2117
 1036 012f 19       		.uleb128 0x19
 1037 0130 00       		.byte	0
 1038 0131 00       		.byte	0
 1039 0132 14       		.uleb128 0x14
 1040 0133 2E       		.uleb128 0x2e
 1041 0134 00       		.byte	0
 1042 0135 3F       		.uleb128 0x3f
 1043 0136 19       		.uleb128 0x19
 1044 0137 03       		.uleb128 0x3
 1045 0138 0E       		.uleb128 0xe
 1046 0139 3A       		.uleb128 0x3a
 1047 013a 0B       		.uleb128 0xb
 1048 013b 3B       		.uleb128 0x3b
 1049 013c 05       		.uleb128 0x5
 1050 013d 27       		.uleb128 0x27
 1051 013e 19       		.uleb128 0x19
 1052 013f 49       		.uleb128 0x49
 1053 0140 13       		.uleb128 0x13
 1054 0141 11       		.uleb128 0x11
 1055 0142 01       		.uleb128 0x1
 1056 0143 12       		.uleb128 0x12
 1057 0144 06       		.uleb128 0x6
 1058 0145 40       		.uleb128 0x40
 1059 0146 18       		.uleb128 0x18
 1060 0147 9742     		.uleb128 0x2117
 1061 0149 19       		.uleb128 0x19
 1062 014a 00       		.byte	0
 1063 014b 00       		.byte	0
 1064 014c 15       		.uleb128 0x15
ARM GAS  C:\Users\g\AppData\Local\Temp\ccLTdTPg.s 			page 27


 1065 014d 898201   		.uleb128 0x4109
 1066 0150 01       		.byte	0x1
 1067 0151 11       		.uleb128 0x11
 1068 0152 01       		.uleb128 0x1
 1069 0153 31       		.uleb128 0x31
 1070 0154 13       		.uleb128 0x13
 1071 0155 01       		.uleb128 0x1
 1072 0156 13       		.uleb128 0x13
 1073 0157 00       		.byte	0
 1074 0158 00       		.byte	0
 1075 0159 16       		.uleb128 0x16
 1076 015a 8A8201   		.uleb128 0x410a
 1077 015d 00       		.byte	0
 1078 015e 02       		.uleb128 0x2
 1079 015f 18       		.uleb128 0x18
 1080 0160 9142     		.uleb128 0x2111
 1081 0162 18       		.uleb128 0x18
 1082 0163 00       		.byte	0
 1083 0164 00       		.byte	0
 1084 0165 17       		.uleb128 0x17
 1085 0166 01       		.uleb128 0x1
 1086 0167 01       		.byte	0x1
 1087 0168 49       		.uleb128 0x49
 1088 0169 13       		.uleb128 0x13
 1089 016a 01       		.uleb128 0x1
 1090 016b 13       		.uleb128 0x13
 1091 016c 00       		.byte	0
 1092 016d 00       		.byte	0
 1093 016e 18       		.uleb128 0x18
 1094 016f 21       		.uleb128 0x21
 1095 0170 00       		.byte	0
 1096 0171 49       		.uleb128 0x49
 1097 0172 13       		.uleb128 0x13
 1098 0173 2F       		.uleb128 0x2f
 1099 0174 0B       		.uleb128 0xb
 1100 0175 00       		.byte	0
 1101 0176 00       		.byte	0
 1102 0177 19       		.uleb128 0x19
 1103 0178 34       		.uleb128 0x34
 1104 0179 00       		.byte	0
 1105 017a 03       		.uleb128 0x3
 1106 017b 0E       		.uleb128 0xe
 1107 017c 3A       		.uleb128 0x3a
 1108 017d 0B       		.uleb128 0xb
 1109 017e 3B       		.uleb128 0x3b
 1110 017f 0B       		.uleb128 0xb
 1111 0180 49       		.uleb128 0x49
 1112 0181 13       		.uleb128 0x13
 1113 0182 3F       		.uleb128 0x3f
 1114 0183 19       		.uleb128 0x19
 1115 0184 3C       		.uleb128 0x3c
 1116 0185 19       		.uleb128 0x19
 1117 0186 00       		.byte	0
 1118 0187 00       		.byte	0
 1119 0188 1A       		.uleb128 0x1a
 1120 0189 2E       		.uleb128 0x2e
 1121 018a 00       		.byte	0
ARM GAS  C:\Users\g\AppData\Local\Temp\ccLTdTPg.s 			page 28


 1122 018b 3F       		.uleb128 0x3f
 1123 018c 19       		.uleb128 0x19
 1124 018d 03       		.uleb128 0x3
 1125 018e 0E       		.uleb128 0xe
 1126 018f 3A       		.uleb128 0x3a
 1127 0190 0B       		.uleb128 0xb
 1128 0191 3B       		.uleb128 0x3b
 1129 0192 0B       		.uleb128 0xb
 1130 0193 27       		.uleb128 0x27
 1131 0194 19       		.uleb128 0x19
 1132 0195 49       		.uleb128 0x49
 1133 0196 13       		.uleb128 0x13
 1134 0197 3C       		.uleb128 0x3c
 1135 0198 19       		.uleb128 0x19
 1136 0199 00       		.byte	0
 1137 019a 00       		.byte	0
 1138 019b 1B       		.uleb128 0x1b
 1139 019c 2E       		.uleb128 0x2e
 1140 019d 01       		.byte	0x1
 1141 019e 3F       		.uleb128 0x3f
 1142 019f 19       		.uleb128 0x19
 1143 01a0 03       		.uleb128 0x3
 1144 01a1 0E       		.uleb128 0xe
 1145 01a2 3A       		.uleb128 0x3a
 1146 01a3 0B       		.uleb128 0xb
 1147 01a4 3B       		.uleb128 0x3b
 1148 01a5 0B       		.uleb128 0xb
 1149 01a6 27       		.uleb128 0x27
 1150 01a7 19       		.uleb128 0x19
 1151 01a8 3C       		.uleb128 0x3c
 1152 01a9 19       		.uleb128 0x19
 1153 01aa 00       		.byte	0
 1154 01ab 00       		.byte	0
 1155 01ac 1C       		.uleb128 0x1c
 1156 01ad 05       		.uleb128 0x5
 1157 01ae 00       		.byte	0
 1158 01af 49       		.uleb128 0x49
 1159 01b0 13       		.uleb128 0x13
 1160 01b1 00       		.byte	0
 1161 01b2 00       		.byte	0
 1162 01b3 00       		.byte	0
 1163              		.section	.debug_loc,"",%progbits
 1164              	.Ldebug_loc0:
 1165              	.LLST0:
 1166 0000 00000000 		.4byte	.LVL1
 1167 0004 07000000 		.4byte	.LVL3-1
 1168 0008 0100     		.2byte	0x1
 1169 000a 50       		.byte	0x50
 1170 000b 07000000 		.4byte	.LVL3-1
 1171 000f 20000000 		.4byte	.LFE6
 1172 0013 0400     		.2byte	0x4
 1173 0015 F3       		.byte	0xf3
 1174 0016 01       		.uleb128 0x1
 1175 0017 50       		.byte	0x50
 1176 0018 9F       		.byte	0x9f
 1177 0019 00000000 		.4byte	0
 1178 001d 00000000 		.4byte	0
ARM GAS  C:\Users\g\AppData\Local\Temp\ccLTdTPg.s 			page 29


 1179              	.LLST1:
 1180 0021 08000000 		.4byte	.LVL3
 1181 0025 19000000 		.4byte	.LVL4-1
 1182 0029 0100     		.2byte	0x1
 1183 002b 50       		.byte	0x50
 1184 002c 00000000 		.4byte	0
 1185 0030 00000000 		.4byte	0
 1186              	.LLST2:
 1187 0034 06000000 		.4byte	.LVL6
 1188 0038 08000000 		.4byte	.LVL7
 1189 003c 0500     		.2byte	0x5
 1190 003e 70       		.byte	0x70
 1191 003f 00       		.sleb128 0
 1192 0040 4E       		.byte	0x4e
 1193 0041 25       		.byte	0x25
 1194 0042 9F       		.byte	0x9f
 1195 0043 08000000 		.4byte	.LVL7
 1196 0047 10000000 		.4byte	.LFE7
 1197 004b 0100     		.2byte	0x1
 1198 004d 50       		.byte	0x50
 1199 004e 00000000 		.4byte	0
 1200 0052 00000000 		.4byte	0
 1201              	.LLST3:
 1202 0056 00000000 		.4byte	.LVL12
 1203 005a 07000000 		.4byte	.LVL13-1
 1204 005e 0100     		.2byte	0x1
 1205 0060 50       		.byte	0x50
 1206 0061 07000000 		.4byte	.LVL13-1
 1207 0065 18000000 		.4byte	.LVL17
 1208 0069 0100     		.2byte	0x1
 1209 006b 54       		.byte	0x54
 1210 006c 18000000 		.4byte	.LVL17
 1211 0070 1A000000 		.4byte	.LFE1
 1212 0074 0400     		.2byte	0x4
 1213 0076 F3       		.byte	0xf3
 1214 0077 01       		.uleb128 0x1
 1215 0078 50       		.byte	0x50
 1216 0079 9F       		.byte	0x9f
 1217 007a 00000000 		.4byte	0
 1218 007e 00000000 		.4byte	0
 1219              		.section	.debug_aranges,"",%progbits
 1220 0000 7C000000 		.4byte	0x7c
 1221 0004 0200     		.2byte	0x2
 1222 0006 00000000 		.4byte	.Ldebug_info0
 1223 000a 04       		.byte	0x4
 1224 000b 00       		.byte	0
 1225 000c 0000     		.2byte	0
 1226 000e 0000     		.2byte	0
 1227 0010 00000000 		.4byte	.LFB3
 1228 0014 02000000 		.4byte	.LFE3-.LFB3
 1229 0018 00000000 		.4byte	.LFB4
 1230 001c 0C000000 		.4byte	.LFE4-.LFB4
 1231 0020 00000000 		.4byte	.LFB5
 1232 0024 0C000000 		.4byte	.LFE5-.LFB5
 1233 0028 00000000 		.4byte	.LFB6
 1234 002c 20000000 		.4byte	.LFE6-.LFB6
 1235 0030 00000000 		.4byte	.LFB7
ARM GAS  C:\Users\g\AppData\Local\Temp\ccLTdTPg.s 			page 30


 1236 0034 10000000 		.4byte	.LFE7-.LFB7
 1237 0038 00000000 		.4byte	.LFB8
 1238 003c 0C000000 		.4byte	.LFE8-.LFB8
 1239 0040 00000000 		.4byte	.LFB9
 1240 0044 14000000 		.4byte	.LFE9-.LFB9
 1241 0048 00000000 		.4byte	.LFB10
 1242 004c 0C000000 		.4byte	.LFE10-.LFB10
 1243 0050 00000000 		.4byte	.LFB0
 1244 0054 1C000000 		.4byte	.LFE0-.LFB0
 1245 0058 00000000 		.4byte	.LFB1
 1246 005c 1A000000 		.4byte	.LFE1-.LFB1
 1247 0060 00000000 		.4byte	.LFB2
 1248 0064 14000000 		.4byte	.LFE2-.LFB2
 1249 0068 00000000 		.4byte	.LFB11
 1250 006c 0C000000 		.4byte	.LFE11-.LFB11
 1251 0070 00000000 		.4byte	.LFB12
 1252 0074 0C000000 		.4byte	.LFE12-.LFB12
 1253 0078 00000000 		.4byte	0
 1254 007c 00000000 		.4byte	0
 1255              		.section	.debug_ranges,"",%progbits
 1256              	.Ldebug_ranges0:
 1257 0000 00000000 		.4byte	.LFB3
 1258 0004 02000000 		.4byte	.LFE3
 1259 0008 00000000 		.4byte	.LFB4
 1260 000c 0C000000 		.4byte	.LFE4
 1261 0010 00000000 		.4byte	.LFB5
 1262 0014 0C000000 		.4byte	.LFE5
 1263 0018 00000000 		.4byte	.LFB6
 1264 001c 20000000 		.4byte	.LFE6
 1265 0020 00000000 		.4byte	.LFB7
 1266 0024 10000000 		.4byte	.LFE7
 1267 0028 00000000 		.4byte	.LFB8
 1268 002c 0C000000 		.4byte	.LFE8
 1269 0030 00000000 		.4byte	.LFB9
 1270 0034 14000000 		.4byte	.LFE9
 1271 0038 00000000 		.4byte	.LFB10
 1272 003c 0C000000 		.4byte	.LFE10
 1273 0040 00000000 		.4byte	.LFB0
 1274 0044 1C000000 		.4byte	.LFE0
 1275 0048 00000000 		.4byte	.LFB1
 1276 004c 1A000000 		.4byte	.LFE1
 1277 0050 00000000 		.4byte	.LFB2
 1278 0054 14000000 		.4byte	.LFE2
 1279 0058 00000000 		.4byte	.LFB11
 1280 005c 0C000000 		.4byte	.LFE11
 1281 0060 00000000 		.4byte	.LFB12
 1282 0064 0C000000 		.4byte	.LFE12
 1283 0068 00000000 		.4byte	0
 1284 006c 00000000 		.4byte	0
 1285              		.section	.debug_line,"",%progbits
 1286              	.Ldebug_line0:
 1287 0000 68010000 		.section	.debug_str,"MS",%progbits,1
 1287      02006800 
 1287      00000201 
 1287      FB0E0D00 
 1287      01010101 
 1288              	.LASF25:
ARM GAS  C:\Users\g\AppData\Local\Temp\ccLTdTPg.s 			page 31


 1289 0000 73746570 		.ascii	"stepISR_GetVector\000"
 1289      4953525F 
 1289      47657456 
 1289      6563746F 
 1289      7200
 1290              	.LASF14:
 1291 0012 72656733 		.ascii	"reg32\000"
 1291      3200
 1292              	.LASF23:
 1293 0018 73746570 		.ascii	"stepISR_Interrupt\000"
 1293      4953525F 
 1293      496E7465 
 1293      72727570 
 1293      7400
 1294              	.LASF37:
 1295 002a 43795261 		.ascii	"CyRamVectors\000"
 1295      6D566563 
 1295      746F7273 
 1295      00
 1296              	.LASF3:
 1297 0037 73686F72 		.ascii	"short unsigned int\000"
 1297      7420756E 
 1297      7369676E 
 1297      65642069 
 1297      6E7400
 1298              	.LASF18:
 1299 004a 73746570 		.ascii	"stepISR_SetPriority\000"
 1299      4953525F 
 1299      53657450 
 1299      72696F72 
 1299      69747900 
 1300              	.LASF31:
 1301 005e 73746570 		.ascii	"stepISR_SetPending\000"
 1301      4953525F 
 1301      53657450 
 1301      656E6469 
 1301      6E6700
 1302              	.LASF11:
 1303 0071 666C6F61 		.ascii	"float\000"
 1303      7400
 1304              	.LASF7:
 1305 0077 6C6F6E67 		.ascii	"long long unsigned int\000"
 1305      206C6F6E 
 1305      6720756E 
 1305      7369676E 
 1305      65642069 
 1306              	.LASF33:
 1307 008e 474E5520 		.ascii	"GNU C 4.9.3 20150303 (release) [ARM/embedded-4_9-br"
 1307      4320342E 
 1307      392E3320 
 1307      32303135 
 1307      30333033 
 1308 00c1 616E6368 		.ascii	"anch revision 221220] -mcpu=cortex-m0 -mthumb -g -O"
 1308      20726576 
 1308      6973696F 
 1308      6E203232 
 1308      31323230 
ARM GAS  C:\Users\g\AppData\Local\Temp\ccLTdTPg.s 			page 32


 1309 00f4 67202D73 		.ascii	"g -std=gnu99 -ffunction-sections -ffat-lto-objects\000"
 1309      74643D67 
 1309      6E753939 
 1309      202D6666 
 1309      756E6374 
 1310              	.LASF1:
 1311 0127 756E7369 		.ascii	"unsigned char\000"
 1311      676E6564 
 1311      20636861 
 1311      7200
 1312              	.LASF34:
 1313 0135 2E5C4765 		.ascii	".\\Generated_Source\\PSoC4\\stepISR.c\000"
 1313      6E657261 
 1313      7465645F 
 1313      536F7572 
 1313      63655C50 
 1314              	.LASF21:
 1315 0158 696E7465 		.ascii	"interruptState\000"
 1315      72727570 
 1315      74537461 
 1315      746500
 1316              	.LASF5:
 1317 0167 6C6F6E67 		.ascii	"long unsigned int\000"
 1317      20756E73 
 1317      69676E65 
 1317      6420696E 
 1317      7400
 1318              	.LASF9:
 1319 0179 75696E74 		.ascii	"uint8\000"
 1319      3800
 1320              	.LASF26:
 1321 017f 73746570 		.ascii	"stepISR_GetState\000"
 1321      4953525F 
 1321      47657453 
 1321      74617465 
 1321      00
 1322              	.LASF20:
 1323 0190 7072696F 		.ascii	"priority\000"
 1323      72697479 
 1323      00
 1324              	.LASF29:
 1325 0199 73746570 		.ascii	"stepISR_StartEx\000"
 1325      4953525F 
 1325      53746172 
 1325      74457800 
 1326              	.LASF12:
 1327 01a9 646F7562 		.ascii	"double\000"
 1327      6C6500
 1328              	.LASF24:
 1329 01b0 73746570 		.ascii	"stepISR_Enable\000"
 1329      4953525F 
 1329      456E6162 
 1329      6C6500
 1330              	.LASF10:
 1331 01bf 75696E74 		.ascii	"uint32\000"
 1331      333200
 1332              	.LASF38:
ARM GAS  C:\Users\g\AppData\Local\Temp\ccLTdTPg.s 			page 33


 1333 01c6 4379456E 		.ascii	"CyEnterCriticalSection\000"
 1333      74657243 
 1333      72697469 
 1333      63616C53 
 1333      65637469 
 1334              	.LASF8:
 1335 01dd 756E7369 		.ascii	"unsigned int\000"
 1335      676E6564 
 1335      20696E74 
 1335      00
 1336              	.LASF19:
 1337 01ea 61646472 		.ascii	"address\000"
 1337      65737300 
 1338              	.LASF39:
 1339 01f2 43794578 		.ascii	"CyExitCriticalSection\000"
 1339      69744372 
 1339      69746963 
 1339      616C5365 
 1339      6374696F 
 1340              	.LASF15:
 1341 0208 63796973 		.ascii	"cyisraddress\000"
 1341      72616464 
 1341      72657373 
 1341      00
 1342              	.LASF17:
 1343 0215 73746570 		.ascii	"stepISR_SetVector\000"
 1343      4953525F 
 1343      53657456 
 1343      6563746F 
 1343      7200
 1344              	.LASF30:
 1345 0227 73746570 		.ascii	"stepISR_Stop\000"
 1345      4953525F 
 1345      53746F70 
 1345      00
 1346              	.LASF32:
 1347 0234 73746570 		.ascii	"stepISR_ClearPending\000"
 1347      4953525F 
 1347      436C6561 
 1347      7250656E 
 1347      64696E67 
 1348              	.LASF16:
 1349 0249 73697A65 		.ascii	"sizetype\000"
 1349      74797065 
 1349      00
 1350              	.LASF6:
 1351 0252 6C6F6E67 		.ascii	"long long int\000"
 1351      206C6F6E 
 1351      6720696E 
 1351      7400
 1352              	.LASF27:
 1353 0260 73746570 		.ascii	"stepISR_Disable\000"
 1353      4953525F 
 1353      44697361 
 1353      626C6500 
 1354              	.LASF13:
 1355 0270 63686172 		.ascii	"char\000"
ARM GAS  C:\Users\g\AppData\Local\Temp\ccLTdTPg.s 			page 34


 1355      00
 1356              	.LASF28:
 1357 0275 73746570 		.ascii	"stepISR_Start\000"
 1357      4953525F 
 1357      53746172 
 1357      7400
 1358              	.LASF2:
 1359 0283 73686F72 		.ascii	"short int\000"
 1359      7420696E 
 1359      7400
 1360              	.LASF35:
 1361 028d 443A5C63 		.ascii	"D:\\code\\cypress\\controllers\\bldc.cydsn\000"
 1361      6F64655C 
 1361      63797072 
 1361      6573735C 
 1361      636F6E74 
 1362              	.LASF22:
 1363 02b4 7072696F 		.ascii	"priorityOffset\000"
 1363      72697479 
 1363      4F666673 
 1363      657400
 1364              	.LASF4:
 1365 02c3 6C6F6E67 		.ascii	"long int\000"
 1365      20696E74 
 1365      00
 1366              	.LASF0:
 1367 02cc 7369676E 		.ascii	"signed char\000"
 1367      65642063 
 1367      68617200 
 1368              	.LASF36:
 1369 02d8 73746570 		.ascii	"stepISR_GetPriority\000"
 1369      4953525F 
 1369      47657450 
 1369      72696F72 
 1369      69747900 
 1370              		.ident	"GCC: (GNU Tools for ARM Embedded Processors) 4.9.3 20150303 (release) [ARM/embedded-4_9-br
